# JRE version: OpenJDK Runtime Environment GraalVM CE 22.3.0 (17.0.5+8) (build 17.0.5+8-jvmci-22.3-b08)
# Java VM: OpenJDK 64-Bit Server VM GraalVM CE 22.3.0 (17.0.5+8-jvmci-22.3-b08, mixed mode, sharing, tiered, jvmci, jvmci compiler, compressed oops, compressed class ptrs, parallel gc, linux-amd64)
GC Precious Log:
 CPUs: 8 total, 1 available
 Memory: 1024M
 Large Page Support: Disabled
 NUMA Support: Disabled
 Compressed Oops: Enabled (32-bit)
 Alignments: Space 512K, Generation 512K, Heap 2M
 Heap Min Capacity: 100M
 Heap Initial Capacity: 100M
 Heap Max Capacity: 512M
 Pre-touch: Disabled
 Parallel Workers: 1
Heap:
 PSYoungGen      total 69632K, used 49664K [0x00000000f5580000, 0x00000000fae80000, 0x0000000100000000)
  eden space 49664K, 100% used [0x00000000f5580000,0x00000000f8600000,0x00000000f8600000)
  from space 19968K, 0% used [0x00000000f8600000,0x00000000f8600000,0x00000000f9980000)
  to   space 17920K, 0% used [0x00000000f9a80000,0x00000000f9a80000,0x00000000fac00000)
 ParOldGen       total 349696K, used 349695K [0x00000000e0000000, 0x00000000f5580000, 0x00000000f5580000)
  object space 349696K, 99% used [0x00000000e0000000,0x00000000f557fff8,0x00000000f5580000)
 Metaspace       used 59569K, committed 60608K, reserved 1105920K
  class space    used 5425K, committed 5824K, reserved 1048576K
GC Heap History (20 events):
Event: 826.893 GC heap before
{Heap before GC invocations=519 (full 345):
 PSYoungGen      total 69632K, used 49663K [0x00000000f5580000, 0x00000000fae80000, 0x0000000100000000)
  eden space 49664K, 99% used [0x00000000f5580000,0x00000000f85ffff0,0x00000000f8600000)
  from space 19968K, 0% used [0x00000000f8600000,0x00000000f8600000,0x00000000f9980000)
  to   space 17920K, 0% used [0x00000000f9a80000,0x00000000f9a80000,0x00000000fac00000)
 ParOldGen       total 349696K, used 349691K [0x00000000e0000000, 0x00000000f5580000, 0x00000000f5580000)
  object space 349696K, 99% used [0x00000000e0000000,0x00000000f557ef88,0x00000000f5580000)
 Metaspace       used 59569K, committed 60608K, reserved 1105920K
  class space    used 5425K, committed 5824K, reserved 1048576K
}
Event: 828.772 GC heap after
{Heap after GC invocations=519 (full 345):
 PSYoungGen      total 67584K, used 49663K [0x00000000f5580000, 0x00000000fae80000, 0x0000000100000000)
  eden space 49664K, 99% used [0x00000000f5580000,0x00000000f85ffff0,0x00000000f8600000)
  from space 17920K, 0% used [0x00000000f9a80000,0x00000000f9a80000,0x00000000fac00000)
  to   space 19968K, 0% used [0x00000000f8600000,0x00000000f8600000,0x00000000f9980000)
 ParOldGen       total 349696K, used 349689K [0x00000000e0000000, 0x00000000f5580000, 0x00000000f5580000)
  object space 349696K, 99% used [0x00000000e0000000,0x00000000f557e778,0x00000000f5580000)
 Metaspace       used 59569K, committed 60608K, reserved 1105920K
  class space    used 5425K, committed 5824K, reserved 1048576K
}
Event: 828.772 GC heap before
{Heap before GC invocations=520 (full 346):
 PSYoungGen      total 67584K, used 49663K [0x00000000f5580000, 0x00000000fae80000, 0x0000000100000000)
  eden space 49664K, 99% used [0x00000000f5580000,0x00000000f85ffff0,0x00000000f8600000)
  from space 17920K, 0% used [0x00000000f9a80000,0x00000000f9a80000,0x00000000fac00000)
  to   space 19968K, 0% used [0x00000000f8600000,0x00000000f8600000,0x00000000f9980000)
 ParOldGen       total 349696K, used 349691K [0x00000000e0000000, 0x00000000f5580000, 0x00000000f5580000)
  object space 349696K, 99% used [0x00000000e0000000,0x00000000f557ef70,0x00000000f5580000)
 Metaspace       used 59569K, committed 60608K, reserved 1105920K
  class space    used 5425K, committed 5824K, reserved 1048576K
}
Event: 830.460 GC heap after
{Heap after GC invocations=520 (full 346):
 PSYoungGen      total 69632K, used 49663K [0x00000000f5580000, 0x00000000fae80000, 0x0000000100000000)
  eden space 49664K, 99% used [0x00000000f5580000,0x00000000f85ffff0,0x00000000f8600000)
  from space 19968K, 0% used [0x00000000f8600000,0x00000000f8600000,0x00000000f9980000)
  to   space 17920K, 0% used [0x00000000f9a80000,0x00000000f9a80000,0x00000000fac00000)
 ParOldGen       total 349696K, used 349691K [0x00000000e0000000, 0x00000000f5580000, 0x00000000f5580000)
  object space 349696K, 99% used [0x00000000e0000000,0x00000000f557ee10,0x00000000f5580000)
 Metaspace       used 59569K, committed 60608K, reserved 1105920K
  class space    used 5425K, committed 5824K, reserved 1048576K
}
Event: 830.461 GC heap before
{Heap before GC invocations=521 (full 347):
 PSYoungGen      total 69632K, used 49664K [0x00000000f5580000, 0x00000000fae80000, 0x0000000100000000)
  eden space 49664K, 100% used [0x00000000f5580000,0x00000000f8600000,0x00000000f8600000)
  from space 19968K, 0% used [0x00000000f8600000,0x00000000f8600000,0x00000000f9980000)
  to   space 17920K, 0% used [0x00000000f9a80000,0x00000000f9a80000,0x00000000fac00000)
 ParOldGen       total 349696K, used 349694K [0x00000000e0000000, 0x00000000f5580000, 0x00000000f5580000)
  object space 349696K, 99% used [0x00000000e0000000,0x00000000f557f900,0x00000000f5580000)
 Metaspace       used 59569K, committed 60608K, reserved 1105920K
  class space    used 5425K, committed 5824K, reserved 1048576K
}
Event: 832.355 GC heap after
{Heap after GC invocations=521 (full 347):
 PSYoungGen      total 67584K, used 49663K [0x00000000f5580000, 0x00000000fae80000, 0x0000000100000000)
  eden space 49664K, 99% used [0x00000000f5580000,0x00000000f85ffff0,0x00000000f8600000)
  from space 17920K, 0% used [0x00000000f9a80000,0x00000000f9a80000,0x00000000fac00000)
  to   space 19968K, 0% used [0x00000000f8600000,0x00000000f8600000,0x00000000f9980000)
 ParOldGen       total 349696K, used 349691K [0x00000000e0000000, 0x00000000f5580000, 0x00000000f5580000)
  object space 349696K, 99% used [0x00000000e0000000,0x00000000f557ed48,0x00000000f5580000)
 Metaspace       used 59569K, committed 60608K, reserved 1105920K
  class space    used 5425K, committed 5824K, reserved 1048576K
}
Event: 832.356 GC heap before
{Heap before GC invocations=522 (full 348):
 PSYoungGen      total 67584K, used 49664K [0x00000000f5580000, 0x00000000fae80000, 0x0000000100000000)
  eden space 49664K, 100% used [0x00000000f5580000,0x00000000f8600000,0x00000000f8600000)
  from space 17920K, 0% used [0x00000000f9a80000,0x00000000f9a80000,0x00000000fac00000)
  to   space 19968K, 0% used [0x00000000f8600000,0x00000000f8600000,0x00000000f9980000)
 ParOldGen       total 349696K, used 349693K [0x00000000e0000000, 0x00000000f5580000, 0x00000000f5580000)
  object space 349696K, 99% used [0x00000000e0000000,0x00000000f557f480,0x00000000f5580000)
 Metaspace       used 59569K, committed 60608K, reserved 1105920K
  class space    used 5425K, committed 5824K, reserved 1048576K
}
Event: 834.081 GC heap after
{Heap after GC invocations=522 (full 348):
 PSYoungGen      total 69632K, used 49663K [0x00000000f5580000, 0x00000000fae80000, 0x0000000100000000)
  eden space 49664K, 99% used [0x00000000f5580000,0x00000000f85fffa8,0x00000000f8600000)
  from space 19968K, 0% used [0x00000000f8600000,0x00000000f8600000,0x00000000f9980000)
  to   space 17920K, 0% used [0x00000000f9a80000,0x00000000f9a80000,0x00000000fac00000)
 ParOldGen       total 349696K, used 349691K [0x00000000e0000000, 0x00000000f5580000, 0x00000000f5580000)
  object space 349696K, 99% used [0x00000000e0000000,0x00000000f557efa8,0x00000000f5580000)
 Metaspace       used 59569K, committed 60608K, reserved 1105920K
  class space    used 5425K, committed 5824K, reserved 1048576K
}
Event: 834.082 GC heap before
{Heap before GC invocations=523 (full 349):
 PSYoungGen      total 69632K, used 49664K [0x00000000f5580000, 0x00000000fae80000, 0x0000000100000000)
  eden space 49664K, 100% used [0x00000000f5580000,0x00000000f8600000,0x00000000f8600000)
  from space 19968K, 0% used [0x00000000f8600000,0x00000000f8600000,0x00000000f9980000)
  to   space 17920K, 0% used [0x00000000f9a80000,0x00000000f9a80000,0x00000000fac00000)
 ParOldGen       total 349696K, used 349691K [0x00000000e0000000, 0x00000000f5580000, 0x00000000f5580000)
  object space 349696K, 99% used [0x00000000e0000000,0x00000000f557efa8,0x00000000f5580000)
 Metaspace       used 59569K, committed 60608K, reserved 1105920K
  class space    used 5425K, committed 5824K, reserved 1048576K
}
Event: 835.780 GC heap after
{Heap after GC invocations=523 (full 349):
 PSYoungGen      total 67584K, used 49664K [0x00000000f5580000, 0x00000000fae80000, 0x0000000100000000)
  eden space 49664K, 100% used [0x00000000f5580000,0x00000000f8600000,0x00000000f8600000)
  from space 17920K, 0% used [0x00000000f9a80000,0x00000000f9a80000,0x00000000fac00000)
  to   space 19968K, 0% used [0x00000000f8600000,0x00000000f8600000,0x00000000f9980000)
 ParOldGen       total 349696K, used 349691K [0x00000000e0000000, 0x00000000f5580000, 0x00000000f5580000)
  object space 349696K, 99% used [0x00000000e0000000,0x00000000f557efa8,0x00000000f5580000)
 Metaspace       used 59569K, committed 60608K, reserved 1105920K
  class space    used 5425K, committed 5824K, reserved 1048576K
}
Event: 835.780 GC heap before
{Heap before GC invocations=524 (full 350):
 PSYoungGen      total 67584K, used 49664K [0x00000000f5580000, 0x00000000fae80000, 0x0000000100000000)
  eden space 49664K, 100% used [0x00000000f5580000,0x00000000f8600000,0x00000000f8600000)
  from space 17920K, 0% used [0x00000000f9a80000,0x00000000f9a80000,0x00000000fac00000)
  to   space 19968K, 0% used [0x00000000f8600000,0x00000000f8600000,0x00000000f9980000)
 ParOldGen       total 349696K, used 349695K [0x00000000e0000000, 0x00000000f5580000, 0x00000000f5580000)
  object space 349696K, 99% used [0x00000000e0000000,0x00000000f557ffe0,0x00000000f5580000)
 Metaspace       used 59569K, committed 60608K, reserved 1105920K
  class space    used 5425K, committed 5824K, reserved 1048576K
}
Event: 837.388 GC heap after
{Heap after GC invocations=524 (full 350):
 PSYoungGen      total 69632K, used 49664K [0x00000000f5580000, 0x00000000fae80000, 0x0000000100000000)
  eden space 49664K, 100% used [0x00000000f5580000,0x00000000f8600000,0x00000000f8600000)
  from space 19968K, 0% used [0x00000000f8600000,0x00000000f8600000,0x00000000f9980000)
  to   space 17920K, 0% used [0x00000000f9a80000,0x00000000f9a80000,0x00000000fac00000)
 ParOldGen       total 349696K, used 349695K [0x00000000e0000000, 0x00000000f5580000, 0x00000000f5580000)
  object space 349696K, 99% used [0x00000000e0000000,0x00000000f557ff50,0x00000000f5580000)
 Metaspace       used 59569K, committed 60608K, reserved 1105920K
  class space    used 5425K, committed 5824K, reserved 1048576K
}
Event: 837.388 GC heap before
{Heap before GC invocations=525 (full 351):
 PSYoungGen      total 69632K, used 49664K [0x00000000f5580000, 0x00000000fae80000, 0x0000000100000000)
  eden space 49664K, 100% used [0x00000000f5580000,0x00000000f8600000,0x00000000f8600000)
  from space 19968K, 0% used [0x00000000f8600000,0x00000000f8600000,0x00000000f9980000)
  to   space 17920K, 0% used [0x00000000f9a80000,0x00000000f9a80000,0x00000000fac00000)
 ParOldGen       total 349696K, used 349695K [0x00000000e0000000, 0x00000000f5580000, 0x00000000f5580000)
  object space 349696K, 99% used [0x00000000e0000000,0x00000000f557fff0,0x00000000f5580000)
 Metaspace       used 59569K, committed 60608K, reserved 1105920K
  class space    used 5425K, committed 5824K, reserved 1048576K
}
Event: 839.171 GC heap after
{Heap after GC invocations=525 (full 351):
 PSYoungGen      total 67584K, used 49664K [0x00000000f5580000, 0x00000000fae80000, 0x0000000100000000)
  eden space 49664K, 100% used [0x00000000f5580000,0x00000000f8600000,0x00000000f8600000)
  from space 17920K, 0% used [0x00000000f9a80000,0x00000000f9a80000,0x00000000fac00000)
  to   space 19968K, 0% used [0x00000000f8600000,0x00000000f8600000,0x00000000f9980000)
 ParOldGen       total 349696K, used 349695K [0x00000000e0000000, 0x00000000f5580000, 0x00000000f5580000)
  object space 349696K, 99% used [0x00000000e0000000,0x00000000f557ffd0,0x00000000f5580000)
 Metaspace       used 59569K, committed 60608K, reserved 1105920K
  class space    used 5425K, committed 5824K, reserved 1048576K
}
Event: 839.171 GC heap before
{Heap before GC invocations=526 (full 352):
 PSYoungGen      total 67584K, used 49664K [0x00000000f5580000, 0x00000000fae80000, 0x0000000100000000)
  eden space 49664K, 100% used [0x00000000f5580000,0x00000000f8600000,0x00000000f8600000)
  from space 17920K, 0% used [0x00000000f9a80000,0x00000000f9a80000,0x00000000fac00000)
  to   space 19968K, 0% used [0x00000000f8600000,0x00000000f8600000,0x00000000f9980000)
 ParOldGen       total 349696K, used 349695K [0x00000000e0000000, 0x00000000f5580000, 0x00000000f5580000)
  object space 349696K, 99% used [0x00000000e0000000,0x00000000f557ffd0,0x00000000f5580000)
 Metaspace       used 59569K, committed 60608K, reserved 1105920K
  class space    used 5425K, committed 5824K, reserved 1048576K
}
Event: 841.086 GC heap after
{Heap after GC invocations=526 (full 352):
 PSYoungGen      total 69632K, used 49664K [0x00000000f5580000, 0x00000000fae80000, 0x0000000100000000)
  eden space 49664K, 100% used [0x00000000f5580000,0x00000000f8600000,0x00000000f8600000)
  from space 19968K, 0% used [0x00000000f8600000,0x00000000f8600000,0x00000000f9980000)
  to   space 17920K, 0% used [0x00000000f9a80000,0x00000000f9a80000,0x00000000fac00000)
 ParOldGen       total 349696K, used 349695K [0x00000000e0000000, 0x00000000f5580000, 0x00000000f5580000)
  object space 349696K, 99% used [0x00000000e0000000,0x00000000f557fe08,0x00000000f5580000)
 Metaspace       used 59569K, committed 60608K, reserved 1105920K
  class space    used 5425K, committed 5824K, reserved 1048576K
}
Event: 841.087 GC heap before
{Heap before GC invocations=527 (full 353):
 PSYoungGen      total 69632K, used 49664K [0x00000000f5580000, 0x00000000fae80000, 0x0000000100000000)
  eden space 49664K, 100% used [0x00000000f5580000,0x00000000f8600000,0x00000000f8600000)
  from space 19968K, 0% used [0x00000000f8600000,0x00000000f8600000,0x00000000f9980000)
  to   space 17920K, 0% used [0x00000000f9a80000,0x00000000f9a80000,0x00000000fac00000)
 ParOldGen       total 349696K, used 349695K [0x00000000e0000000, 0x00000000f5580000, 0x00000000f5580000)
  object space 349696K, 99% used [0x00000000e0000000,0x00000000f557ffe0,0x00000000f5580000)
 Metaspace       used 59569K, committed 60608K, reserved 1105920K
  class space    used 5425K, committed 5824K, reserved 1048576K
}
Event: 842.860 GC heap after
{Heap after GC invocations=527 (full 353):
 PSYoungGen      total 67584K, used 49664K [0x00000000f5580000, 0x00000000fae80000, 0x0000000100000000)
  eden space 49664K, 100% used [0x00000000f5580000,0x00000000f8600000,0x00000000f8600000)
  from space 17920K, 0% used [0x00000000f9a80000,0x00000000f9a80000,0x00000000fac00000)
  to   space 19968K, 0% used [0x00000000f8600000,0x00000000f8600000,0x00000000f9980000)
 ParOldGen       total 349696K, used 349695K [0x00000000e0000000, 0x00000000f5580000, 0x00000000f5580000)
  object space 349696K, 99% used [0x00000000e0000000,0x00000000f557fef8,0x00000000f5580000)
 Metaspace       used 59569K, committed 60608K, reserved 1105920K
  class space    used 5425K, committed 5824K, reserved 1048576K
}
Event: 842.860 GC heap before
{Heap before GC invocations=528 (full 354):
 PSYoungGen      total 67584K, used 49664K [0x00000000f5580000, 0x00000000fae80000, 0x0000000100000000)
  eden space 49664K, 100% used [0x00000000f5580000,0x00000000f8600000,0x00000000f8600000)
  from space 17920K, 0% used [0x00000000f9a80000,0x00000000f9a80000,0x00000000fac00000)
  to   space 19968K, 0% used [0x00000000f8600000,0x00000000f8600000,0x00000000f9980000)
 ParOldGen       total 349696K, used 349695K [0x00000000e0000000, 0x00000000f5580000, 0x00000000f5580000)
  object space 349696K, 99% used [0x00000000e0000000,0x00000000f557fef8,0x00000000f5580000)
 Metaspace       used 59569K, committed 60608K, reserved 1105920K
  class space    used 5425K, committed 5824K, reserved 1048576K
}
Event: 844.681 GC heap after
{Heap after GC invocations=528 (full 354):
 PSYoungGen      total 69632K, used 49664K [0x00000000f5580000, 0x00000000fae80000, 0x0000000100000000)
  eden space 49664K, 100% used [0x00000000f5580000,0x00000000f8600000,0x00000000f8600000)
  from space 19968K, 0% used [0x00000000f8600000,0x00000000f8600000,0x00000000f9980000)
  to   space 17920K, 0% used [0x00000000f9a80000,0x00000000f9a80000,0x00000000fac00000)
 ParOldGen       total 349696K, used 349695K [0x00000000e0000000, 0x00000000f5580000, 0x00000000f5580000)
  object space 349696K, 99% used [0x00000000e0000000,0x00000000f557fef8,0x00000000f5580000)
 Metaspace       used 59569K, committed 60608K, reserved 1105920K
  class space    used 5425K, committed 5824K, reserved 1048576K
}

