# JRE version: OpenJDK Runtime Environment GraalVM CE 22.3.0 (17.0.5+8) (build 17.0.5+8-jvmci-22.3-b08)
# Java VM: OpenJDK 64-Bit Server VM GraalVM CE 22.3.0 (17.0.5+8-jvmci-22.3-b08, mixed mode, sharing, tiered, jvmci, jvmci compiler, compressed oops, compressed class ptrs, parallel gc, linux-amd64)
GC Precious Log:
 CPUs: 4 total, 1 available
 Memory: 1024M
 Large Page Support: Disabled
 NUMA Support: Disabled
 Compressed Oops: Enabled (32-bit)
 Alignments: Space 512K, Generation 512K, Heap 2M
 Heap Min Capacity: 100M
 Heap Initial Capacity: 100M
 Heap Max Capacity: 512M
 Pre-touch: Disabled
 Parallel Workers: 1
Heap:
 PSYoungGen      total 66048K, used 45567K [0x00000000f5580000, 0x00000000fab00000, 0x0000000100000000)
  eden space 45568K, 99% used [0x00000000f5580000,0x00000000f81ffff0,0x00000000f8200000)
  from space 20480K, 0% used [0x00000000f9600000,0x00000000f9600000,0x00000000faa00000)
  to   space 20480K, 0% used [0x00000000f8200000,0x00000000f8200000,0x00000000f9600000)
 ParOldGen       total 349696K, used 349693K [0x00000000e0000000, 0x00000000f5580000, 0x00000000f5580000)
  object space 349696K, 99% used [0x00000000e0000000,0x00000000f557f700,0x00000000f5580000)
 Metaspace       used 63624K, committed 64640K, reserved 1114112K
  class space    used 5948K, committed 6400K, reserved 1048576K
GC Heap History (20 events):
Event: 1321.129 GC heap before
{Heap before GC invocations=761 (full 637):
 PSYoungGen      total 66048K, used 45567K [0x00000000f5580000, 0x00000000fab00000, 0x0000000100000000)
  eden space 45568K, 99% used [0x00000000f5580000,0x00000000f81ffff8,0x00000000f8200000)
  from space 20480K, 0% used [0x00000000f9600000,0x00000000f9600000,0x00000000faa00000)
  to   space 20480K, 0% used [0x00000000f8200000,0x00000000f8200000,0x00000000f9600000)
 ParOldGen       total 349696K, used 349695K [0x00000000e0000000, 0x00000000f5580000, 0x00000000f5580000)
  object space 349696K, 99% used [0x00000000e0000000,0x00000000f557fdc8,0x00000000f5580000)
 Metaspace       used 63624K, committed 64640K, reserved 1114112K
  class space    used 5948K, committed 6400K, reserved 1048576K
}
Event: 1322.903 GC heap after
{Heap after GC invocations=761 (full 637):
 PSYoungGen      total 66048K, used 45567K [0x00000000f5580000, 0x00000000fab00000, 0x0000000100000000)
  eden space 45568K, 99% used [0x00000000f5580000,0x00000000f81ffff8,0x00000000f8200000)
  from space 20480K, 0% used [0x00000000f8200000,0x00000000f8200000,0x00000000f9600000)
  to   space 20480K, 0% used [0x00000000f9600000,0x00000000f9600000,0x00000000faa00000)
 ParOldGen       total 349696K, used 349695K [0x00000000e0000000, 0x00000000f5580000, 0x00000000f5580000)
  object space 349696K, 99% used [0x00000000e0000000,0x00000000f557fd18,0x00000000f5580000)
 Metaspace       used 63624K, committed 64640K, reserved 1114112K
  class space    used 5948K, committed 6400K, reserved 1048576K
}
Event: 1322.905 GC heap before
{Heap before GC invocations=762 (full 638):
 PSYoungGen      total 66048K, used 45567K [0x00000000f5580000, 0x00000000fab00000, 0x0000000100000000)
  eden space 45568K, 99% used [0x00000000f5580000,0x00000000f81ffff8,0x00000000f8200000)
  from space 20480K, 0% used [0x00000000f8200000,0x00000000f8200000,0x00000000f9600000)
  to   space 20480K, 0% used [0x00000000f9600000,0x00000000f9600000,0x00000000faa00000)
 ParOldGen       total 349696K, used 349695K [0x00000000e0000000, 0x00000000f5580000, 0x00000000f5580000)
  object space 349696K, 99% used [0x00000000e0000000,0x00000000f557fff0,0x00000000f5580000)
 Metaspace       used 63624K, committed 64640K, reserved 1114112K
  class space    used 5948K, committed 6400K, reserved 1048576K
}
Event: 1324.502 GC heap after
{Heap after GC invocations=762 (full 638):
 PSYoungGen      total 66048K, used 45567K [0x00000000f5580000, 0x00000000fab00000, 0x0000000100000000)
  eden space 45568K, 99% used [0x00000000f5580000,0x00000000f81fffd8,0x00000000f8200000)
  from space 20480K, 0% used [0x00000000f9600000,0x00000000f9600000,0x00000000faa00000)
  to   space 20480K, 0% used [0x00000000f8200000,0x00000000f8200000,0x00000000f9600000)
 ParOldGen       total 349696K, used 349695K [0x00000000e0000000, 0x00000000f5580000, 0x00000000f5580000)
  object space 349696K, 99% used [0x00000000e0000000,0x00000000f557fff0,0x00000000f5580000)
 Metaspace       used 63624K, committed 64640K, reserved 1114112K
  class space    used 5948K, committed 6400K, reserved 1048576K
}
Event: 1324.504 GC heap before
{Heap before GC invocations=763 (full 639):
 PSYoungGen      total 66048K, used 45568K [0x00000000f5580000, 0x00000000fab00000, 0x0000000100000000)
  eden space 45568K, 100% used [0x00000000f5580000,0x00000000f8200000,0x00000000f8200000)
  from space 20480K, 0% used [0x00000000f9600000,0x00000000f9600000,0x00000000faa00000)
  to   space 20480K, 0% used [0x00000000f8200000,0x00000000f8200000,0x00000000f9600000)
 ParOldGen       total 349696K, used 349695K [0x00000000e0000000, 0x00000000f5580000, 0x00000000f5580000)
  object space 349696K, 99% used [0x00000000e0000000,0x00000000f557fff0,0x00000000f5580000)
 Metaspace       used 63624K, committed 64640K, reserved 1114112K
  class space    used 5948K, committed 6400K, reserved 1048576K
}
Event: 1325.981 GC heap after
{Heap after GC invocations=763 (full 639):
 PSYoungGen      total 66048K, used 45568K [0x00000000f5580000, 0x00000000fab00000, 0x0000000100000000)
  eden space 45568K, 100% used [0x00000000f5580000,0x00000000f8200000,0x00000000f8200000)
  from space 20480K, 0% used [0x00000000f8200000,0x00000000f8200000,0x00000000f9600000)
  to   space 20480K, 0% used [0x00000000f9600000,0x00000000f9600000,0x00000000faa00000)
 ParOldGen       total 349696K, used 349695K [0x00000000e0000000, 0x00000000f5580000, 0x00000000f5580000)
  object space 349696K, 99% used [0x00000000e0000000,0x00000000f557fff0,0x00000000f5580000)
 Metaspace       used 63624K, committed 64640K, reserved 1114112K
  class space    used 5948K, committed 6400K, reserved 1048576K
}
Event: 1325.981 GC heap before
{Heap before GC invocations=764 (full 640):
 PSYoungGen      total 66048K, used 45568K [0x00000000f5580000, 0x00000000fab00000, 0x0000000100000000)
  eden space 45568K, 100% used [0x00000000f5580000,0x00000000f8200000,0x00000000f8200000)
  from space 20480K, 0% used [0x00000000f8200000,0x00000000f8200000,0x00000000f9600000)
  to   space 20480K, 0% used [0x00000000f9600000,0x00000000f9600000,0x00000000faa00000)
 ParOldGen       total 349696K, used 349695K [0x00000000e0000000, 0x00000000f5580000, 0x00000000f5580000)
  object space 349696K, 99% used [0x00000000e0000000,0x00000000f557fff0,0x00000000f5580000)
 Metaspace       used 63624K, committed 64640K, reserved 1114112K
  class space    used 5948K, committed 6400K, reserved 1048576K
}
Event: 1327.764 GC heap after
{Heap after GC invocations=764 (full 640):
 PSYoungGen      total 66048K, used 45567K [0x00000000f5580000, 0x00000000fab00000, 0x0000000100000000)
  eden space 45568K, 99% used [0x00000000f5580000,0x00000000f81fff98,0x00000000f8200000)
  from space 20480K, 0% used [0x00000000f9600000,0x00000000f9600000,0x00000000faa00000)
  to   space 20480K, 0% used [0x00000000f8200000,0x00000000f8200000,0x00000000f9600000)
 ParOldGen       total 349696K, used 349693K [0x00000000e0000000, 0x00000000f5580000, 0x00000000f5580000)
  object space 349696K, 99% used [0x00000000e0000000,0x00000000f557f728,0x00000000f5580000)
 Metaspace       used 63624K, committed 64640K, reserved 1114112K
  class space    used 5948K, committed 6400K, reserved 1048576K
}
Event: 1327.768 GC heap before
{Heap before GC invocations=765 (full 641):
 PSYoungGen      total 66048K, used 45568K [0x00000000f5580000, 0x00000000fab00000, 0x0000000100000000)
  eden space 45568K, 100% used [0x00000000f5580000,0x00000000f8200000,0x00000000f8200000)
  from space 20480K, 0% used [0x00000000f9600000,0x00000000f9600000,0x00000000faa00000)
  to   space 20480K, 0% used [0x00000000f8200000,0x00000000f8200000,0x00000000f9600000)
 ParOldGen       total 349696K, used 349695K [0x00000000e0000000, 0x00000000f5580000, 0x00000000f5580000)
  object space 349696K, 99% used [0x00000000e0000000,0x00000000f557fff0,0x00000000f5580000)
 Metaspace       used 63624K, committed 64640K, reserved 1114112K
  class space    used 5948K, committed 6400K, reserved 1048576K
}
Event: 1329.475 GC heap after
{Heap after GC invocations=765 (full 641):
 PSYoungGen      total 66048K, used 45568K [0x00000000f5580000, 0x00000000fab00000, 0x0000000100000000)
  eden space 45568K, 100% used [0x00000000f5580000,0x00000000f8200000,0x00000000f8200000)
  from space 20480K, 0% used [0x00000000f8200000,0x00000000f8200000,0x00000000f9600000)
  to   space 20480K, 0% used [0x00000000f9600000,0x00000000f9600000,0x00000000faa00000)
 ParOldGen       total 349696K, used 349695K [0x00000000e0000000, 0x00000000f5580000, 0x00000000f5580000)
  object space 349696K, 99% used [0x00000000e0000000,0x00000000f557fff0,0x00000000f5580000)
 Metaspace       used 63624K, committed 64640K, reserved 1114112K
  class space    used 5948K, committed 6400K, reserved 1048576K
}
Event: 1329.475 GC heap before
{Heap before GC invocations=766 (full 642):
 PSYoungGen      total 66048K, used 45568K [0x00000000f5580000, 0x00000000fab00000, 0x0000000100000000)
  eden space 45568K, 100% used [0x00000000f5580000,0x00000000f8200000,0x00000000f8200000)
  from space 20480K, 0% used [0x00000000f8200000,0x00000000f8200000,0x00000000f9600000)
  to   space 20480K, 0% used [0x00000000f9600000,0x00000000f9600000,0x00000000faa00000)
 ParOldGen       total 349696K, used 349695K [0x00000000e0000000, 0x00000000f5580000, 0x00000000f5580000)
  object space 349696K, 99% used [0x00000000e0000000,0x00000000f557fff0,0x00000000f5580000)
 Metaspace       used 63624K, committed 64640K, reserved 1114112K
  class space    used 5948K, committed 6400K, reserved 1048576K
}
Event: 1331.007 GC heap after
{Heap after GC invocations=766 (full 642):
 PSYoungGen      total 66048K, used 45567K [0x00000000f5580000, 0x00000000fab00000, 0x0000000100000000)
  eden space 45568K, 99% used [0x00000000f5580000,0x00000000f81ffe08,0x00000000f8200000)
  from space 20480K, 0% used [0x00000000f9600000,0x00000000f9600000,0x00000000faa00000)
  to   space 20480K, 0% used [0x00000000f8200000,0x00000000f8200000,0x00000000f9600000)
 ParOldGen       total 349696K, used 349689K [0x00000000e0000000, 0x00000000f5580000, 0x00000000f5580000)
  object space 349696K, 99% used [0x00000000e0000000,0x00000000f557e6f8,0x00000000f5580000)
 Metaspace       used 63624K, committed 64640K, reserved 1114112K
  class space    used 5948K, committed 6400K, reserved 1048576K
}
Event: 1331.020 GC heap before
{Heap before GC invocations=767 (full 643):
 PSYoungGen      total 66048K, used 45567K [0x00000000f5580000, 0x00000000fab00000, 0x0000000100000000)
  eden space 45568K, 99% used [0x00000000f5580000,0x00000000f81ffff0,0x00000000f8200000)
  from space 20480K, 0% used [0x00000000f9600000,0x00000000f9600000,0x00000000faa00000)
  to   space 20480K, 0% used [0x00000000f8200000,0x00000000f8200000,0x00000000f9600000)
 ParOldGen       total 349696K, used 349690K [0x00000000e0000000, 0x00000000f5580000, 0x00000000f5580000)
  object space 349696K, 99% used [0x00000000e0000000,0x00000000f557e810,0x00000000f5580000)
 Metaspace       used 63624K, committed 64640K, reserved 1114112K
  class space    used 5948K, committed 6400K, reserved 1048576K
}
Event: 1332.779 GC heap after
{Heap after GC invocations=767 (full 643):
 PSYoungGen      total 66048K, used 45567K [0x00000000f5580000, 0x00000000fab00000, 0x0000000100000000)
  eden space 45568K, 99% used [0x00000000f5580000,0x00000000f81ffff0,0x00000000f8200000)
  from space 20480K, 0% used [0x00000000f8200000,0x00000000f8200000,0x00000000f9600000)
  to   space 20480K, 0% used [0x00000000f9600000,0x00000000f9600000,0x00000000faa00000)
 ParOldGen       total 349696K, used 349690K [0x00000000e0000000, 0x00000000f5580000, 0x00000000f5580000)
  object space 349696K, 99% used [0x00000000e0000000,0x00000000f557e810,0x00000000f5580000)
 Metaspace       used 63624K, committed 64640K, reserved 1114112K
  class space    used 5948K, committed 6400K, reserved 1048576K
}
Event: 1332.786 GC heap before
{Heap before GC invocations=768 (full 644):
 PSYoungGen      total 66048K, used 45567K [0x00000000f5580000, 0x00000000fab00000, 0x0000000100000000)
  eden space 45568K, 99% used [0x00000000f5580000,0x00000000f81ffff0,0x00000000f8200000)
  from space 20480K, 0% used [0x00000000f8200000,0x00000000f8200000,0x00000000f9600000)
  to   space 20480K, 0% used [0x00000000f9600000,0x00000000f9600000,0x00000000faa00000)
 ParOldGen       total 349696K, used 349692K [0x00000000e0000000, 0x00000000f5580000, 0x00000000f5580000)
  object space 349696K, 99% used [0x00000000e0000000,0x00000000f557f2d0,0x00000000f5580000)
 Metaspace       used 63624K, committed 64640K, reserved 1114112K
  class space    used 5948K, committed 6400K, reserved 1048576K
}
Event: 1334.504 GC heap after
{Heap after GC invocations=768 (full 644):
 PSYoungGen      total 66048K, used 45567K [0x00000000f5580000, 0x00000000fab00000, 0x0000000100000000)
  eden space 45568K, 99% used [0x00000000f5580000,0x00000000f81ffff0,0x00000000f8200000)
  from space 20480K, 0% used [0x00000000f9600000,0x00000000f9600000,0x00000000faa00000)
  to   space 20480K, 0% used [0x00000000f8200000,0x00000000f8200000,0x00000000f9600000)
 ParOldGen       total 349696K, used 349692K [0x00000000e0000000, 0x00000000f5580000, 0x00000000f5580000)
  object space 349696K, 99% used [0x00000000e0000000,0x00000000f557f2d0,0x00000000f5580000)
 Metaspace       used 63624K, committed 64640K, reserved 1114112K
  class space    used 5948K, committed 6400K, reserved 1048576K
}
Event: 1334.504 GC heap before
{Heap before GC invocations=769 (full 645):
 PSYoungGen      total 66048K, used 45568K [0x00000000f5580000, 0x00000000fab00000, 0x0000000100000000)
  eden space 45568K, 100% used [0x00000000f5580000,0x00000000f8200000,0x00000000f8200000)
  from space 20480K, 0% used [0x00000000f9600000,0x00000000f9600000,0x00000000faa00000)
  to   space 20480K, 0% used [0x00000000f8200000,0x00000000f8200000,0x00000000f9600000)
 ParOldGen       total 349696K, used 349695K [0x00000000e0000000, 0x00000000f5580000, 0x00000000f5580000)
  object space 349696K, 99% used [0x00000000e0000000,0x00000000f557fd78,0x00000000f5580000)
 Metaspace       used 63624K, committed 64640K, reserved 1114112K
  class space    used 5948K, committed 6400K, reserved 1048576K
}
Event: 1336.321 GC heap after
{Heap after GC invocations=769 (full 645):
 PSYoungGen      total 66048K, used 45567K [0x00000000f5580000, 0x00000000fab00000, 0x0000000100000000)
  eden space 45568K, 99% used [0x00000000f5580000,0x00000000f81fff98,0x00000000f8200000)
  from space 20480K, 0% used [0x00000000f8200000,0x00000000f8200000,0x00000000f9600000)
  to   space 20480K, 0% used [0x00000000f9600000,0x00000000f9600000,0x00000000faa00000)
 ParOldGen       total 349696K, used 349693K [0x00000000e0000000, 0x00000000f5580000, 0x00000000f5580000)
  object space 349696K, 99% used [0x00000000e0000000,0x00000000f557f628,0x00000000f5580000)
 Metaspace       used 63624K, committed 64640K, reserved 1114112K
  class space    used 5948K, committed 6400K, reserved 1048576K
}
Event: 1336.321 GC heap before
{Heap before GC invocations=770 (full 646):
 PSYoungGen      total 66048K, used 45567K [0x00000000f5580000, 0x00000000fab00000, 0x0000000100000000)
  eden space 45568K, 99% used [0x00000000f5580000,0x00000000f81fff98,0x00000000f8200000)
  from space 20480K, 0% used [0x00000000f8200000,0x00000000f8200000,0x00000000f9600000)
  to   space 20480K, 0% used [0x00000000f9600000,0x00000000f9600000,0x00000000faa00000)
 ParOldGen       total 349696K, used 349693K [0x00000000e0000000, 0x00000000f5580000, 0x00000000f5580000)
  object space 349696K, 99% used [0x00000000e0000000,0x00000000f557f628,0x00000000f5580000)
 Metaspace       used 63624K, committed 64640K, reserved 1114112K
  class space    used 5948K, committed 6400K, reserved 1048576K
}
Event: 1338.113 GC heap after
{Heap after GC invocations=770 (full 646):
 PSYoungGen      total 66048K, used 45567K [0x00000000f5580000, 0x00000000fab00000, 0x0000000100000000)
  eden space 45568K, 99% used [0x00000000f5580000,0x00000000f81fff98,0x00000000f8200000)
  from space 20480K, 0% used [0x00000000f9600000,0x00000000f9600000,0x00000000faa00000)
  to   space 20480K, 0% used [0x00000000f8200000,0x00000000f8200000,0x00000000f9600000)
 ParOldGen       total 349696K, used 349693K [0x00000000e0000000, 0x00000000f5580000, 0x00000000f5580000)
  object space 349696K, 99% used [0x00000000e0000000,0x00000000f557f628,0x00000000f5580000)
 Metaspace       used 63624K, committed 64640K, reserved 1114112K
  class space    used 5948K, committed 6400K, reserved 1048576K
}

