# JRE version: OpenJDK Runtime Environment GraalVM CE 22.3.0 (17.0.5+8) (build 17.0.5+8-jvmci-22.3-b08)
# Java VM: OpenJDK 64-Bit Server VM GraalVM CE 22.3.0 (17.0.5+8-jvmci-22.3-b08, mixed mode, sharing, tiered, jvmci, jvmci compiler, compressed oops, compressed class ptrs, parallel gc, linux-amd64)
GC Precious Log:
 CPUs: 8 total, 1 available
 Memory: 1024M
 Large Page Support: Disabled
 NUMA Support: Disabled
 Compressed Oops: Enabled (32-bit)
 Alignments: Space 512K, Generation 512K, Heap 2M
 Heap Min Capacity: 100M
 Heap Initial Capacity: 100M
 Heap Max Capacity: 512M
 Pre-touch: Disabled
 Parallel Workers: 1
Heap:
 PSYoungGen      total 48640K, used 30207K [0x00000000f5580000, 0x00000000f9980000, 0x0000000100000000)
  eden space 30208K, 99% used [0x00000000f5580000,0x00000000f72ffff0,0x00000000f7300000)
  from space 18432K, 0% used [0x00000000f8600000,0x00000000f8600000,0x00000000f9800000)
  to   space 18944K, 0% used [0x00000000f7300000,0x00000000f7300000,0x00000000f8580000)
 ParOldGen       total 349696K, used 349694K [0x00000000e0000000, 0x00000000f5580000, 0x00000000f5580000)
  object space 349696K, 99% used [0x00000000e0000000,0x00000000f557f990,0x00000000f5580000)
 Metaspace       used 60060K, committed 60864K, reserved 1105920K
  class space    used 5675K, committed 6016K, reserved 1048576K
GC Heap History (20 events):
Event: 1740.235 GC heap before
{Heap before GC invocations=1284 (full 1101):
 PSYoungGen      total 48640K, used 30208K [0x00000000f5580000, 0x00000000f9980000, 0x0000000100000000)
  eden space 30208K, 100% used [0x00000000f5580000,0x00000000f7300000,0x00000000f7300000)
  from space 18432K, 0% used [0x00000000f8600000,0x00000000f8600000,0x00000000f9800000)
  to   space 18944K, 0% used [0x00000000f7300000,0x00000000f7300000,0x00000000f8580000)
 ParOldGen       total 349696K, used 349680K [0x00000000e0000000, 0x00000000f5580000, 0x00000000f5580000)
  object space 349696K, 99% used [0x00000000e0000000,0x00000000f557c2b0,0x00000000f5580000)
 Metaspace       used 60060K, committed 60864K, reserved 1105920K
  class space    used 5675K, committed 6016K, reserved 1048576K
}
Event: 1741.700 GC heap after
{Heap after GC invocations=1284 (full 1101):
 PSYoungGen      total 49152K, used 30207K [0x00000000f5580000, 0x00000000f9980000, 0x0000000100000000)
  eden space 30208K, 99% used [0x00000000f5580000,0x00000000f72fff20,0x00000000f7300000)
  from space 18944K, 0% used [0x00000000f7300000,0x00000000f7300000,0x00000000f8580000)
  to   space 18432K, 0% used [0x00000000f8600000,0x00000000f8600000,0x00000000f9800000)
 ParOldGen       total 349696K, used 349680K [0x00000000e0000000, 0x00000000f5580000, 0x00000000f5580000)
  object space 349696K, 99% used [0x00000000e0000000,0x00000000f557c290,0x00000000f5580000)
 Metaspace       used 60060K, committed 60864K, reserved 1105920K
  class space    used 5675K, committed 6016K, reserved 1048576K
}
Event: 1741.701 GC heap before
{Heap before GC invocations=1285 (full 1102):
 PSYoungGen      total 49152K, used 30207K [0x00000000f5580000, 0x00000000f9980000, 0x0000000100000000)
  eden space 30208K, 99% used [0x00000000f5580000,0x00000000f72ffff8,0x00000000f7300000)
  from space 18944K, 0% used [0x00000000f7300000,0x00000000f7300000,0x00000000f8580000)
  to   space 18432K, 0% used [0x00000000f8600000,0x00000000f8600000,0x00000000f9800000)
 ParOldGen       total 349696K, used 349680K [0x00000000e0000000, 0x00000000f5580000, 0x00000000f5580000)
  object space 349696K, 99% used [0x00000000e0000000,0x00000000f557c290,0x00000000f5580000)
 Metaspace       used 60060K, committed 60864K, reserved 1105920K
  class space    used 5675K, committed 6016K, reserved 1048576K
}
Event: 1743.163 GC heap after
{Heap after GC invocations=1285 (full 1102):
 PSYoungGen      total 48640K, used 30207K [0x00000000f5580000, 0x00000000f9980000, 0x0000000100000000)
  eden space 30208K, 99% used [0x00000000f5580000,0x00000000f72fffe8,0x00000000f7300000)
  from space 18432K, 0% used [0x00000000f8600000,0x00000000f8600000,0x00000000f9800000)
  to   space 18944K, 0% used [0x00000000f7300000,0x00000000f7300000,0x00000000f8580000)
 ParOldGen       total 349696K, used 349680K [0x00000000e0000000, 0x00000000f5580000, 0x00000000f5580000)
  object space 349696K, 99% used [0x00000000e0000000,0x00000000f557c290,0x00000000f5580000)
 Metaspace       used 60060K, committed 60864K, reserved 1105920K
  class space    used 5675K, committed 6016K, reserved 1048576K
}
Event: 1743.166 GC heap before
{Heap before GC invocations=1286 (full 1103):
 PSYoungGen      total 48640K, used 30207K [0x00000000f5580000, 0x00000000f9980000, 0x0000000100000000)
  eden space 30208K, 99% used [0x00000000f5580000,0x00000000f72ffff8,0x00000000f7300000)
  from space 18432K, 0% used [0x00000000f8600000,0x00000000f8600000,0x00000000f9800000)
  to   space 18944K, 0% used [0x00000000f7300000,0x00000000f7300000,0x00000000f8580000)
 ParOldGen       total 349696K, used 349682K [0x00000000e0000000, 0x00000000f5580000, 0x00000000f5580000)
  object space 349696K, 99% used [0x00000000e0000000,0x00000000f557ca68,0x00000000f5580000)
 Metaspace       used 60060K, committed 60864K, reserved 1105920K
  class space    used 5675K, committed 6016K, reserved 1048576K
}
Event: 1744.811 GC heap after
{Heap after GC invocations=1286 (full 1103):
 PSYoungGen      total 49152K, used 30207K [0x00000000f5580000, 0x00000000f9980000, 0x0000000100000000)
  eden space 30208K, 99% used [0x00000000f5580000,0x00000000f72fffd0,0x00000000f7300000)
  from space 18944K, 0% used [0x00000000f7300000,0x00000000f7300000,0x00000000f8580000)
  to   space 18432K, 0% used [0x00000000f8600000,0x00000000f8600000,0x00000000f9800000)
 ParOldGen       total 349696K, used 349682K [0x00000000e0000000, 0x00000000f5580000, 0x00000000f5580000)
  object space 349696K, 99% used [0x00000000e0000000,0x00000000f557c8f8,0x00000000f5580000)
 Metaspace       used 60060K, committed 60864K, reserved 1105920K
  class space    used 5675K, committed 6016K, reserved 1048576K
}
Event: 1744.811 GC heap before
{Heap before GC invocations=1287 (full 1104):
 PSYoungGen      total 49152K, used 30208K [0x00000000f5580000, 0x00000000f9980000, 0x0000000100000000)
  eden space 30208K, 100% used [0x00000000f5580000,0x00000000f7300000,0x00000000f7300000)
  from space 18944K, 0% used [0x00000000f7300000,0x00000000f7300000,0x00000000f8580000)
  to   space 18432K, 0% used [0x00000000f8600000,0x00000000f8600000,0x00000000f9800000)
 ParOldGen       total 349696K, used 349682K [0x00000000e0000000, 0x00000000f5580000, 0x00000000f5580000)
  object space 349696K, 99% used [0x00000000e0000000,0x00000000f557c8f8,0x00000000f5580000)
 Metaspace       used 60060K, committed 60864K, reserved 1105920K
  class space    used 5675K, committed 6016K, reserved 1048576K
}
Event: 1746.409 GC heap after
{Heap after GC invocations=1287 (full 1104):
 PSYoungGen      total 48640K, used 30208K [0x00000000f5580000, 0x00000000f9980000, 0x0000000100000000)
  eden space 30208K, 100% used [0x00000000f5580000,0x00000000f7300000,0x00000000f7300000)
  from space 18432K, 0% used [0x00000000f8600000,0x00000000f8600000,0x00000000f9800000)
  to   space 18944K, 0% used [0x00000000f7300000,0x00000000f7300000,0x00000000f8580000)
 ParOldGen       total 349696K, used 349682K [0x00000000e0000000, 0x00000000f5580000, 0x00000000f5580000)
  object space 349696K, 99% used [0x00000000e0000000,0x00000000f557c8f8,0x00000000f5580000)
 Metaspace       used 60060K, committed 60864K, reserved 1105920K
  class space    used 5675K, committed 6016K, reserved 1048576K
}
Event: 1746.412 GC heap before
{Heap before GC invocations=1288 (full 1105):
 PSYoungGen      total 48640K, used 30208K [0x00000000f5580000, 0x00000000f9980000, 0x0000000100000000)
  eden space 30208K, 100% used [0x00000000f5580000,0x00000000f7300000,0x00000000f7300000)
  from space 18432K, 0% used [0x00000000f8600000,0x00000000f8600000,0x00000000f9800000)
  to   space 18944K, 0% used [0x00000000f7300000,0x00000000f7300000,0x00000000f8580000)
 ParOldGen       total 349696K, used 349684K [0x00000000e0000000, 0x00000000f5580000, 0x00000000f5580000)
  object space 349696K, 99% used [0x00000000e0000000,0x00000000f557d1c8,0x00000000f5580000)
 Metaspace       used 60060K, committed 60864K, reserved 1105920K
  class space    used 5675K, committed 6016K, reserved 1048576K
}
Event: 1747.904 GC heap after
{Heap after GC invocations=1288 (full 1105):
 PSYoungGen      total 49152K, used 30208K [0x00000000f5580000, 0x00000000f9980000, 0x0000000100000000)
  eden space 30208K, 100% used [0x00000000f5580000,0x00000000f7300000,0x00000000f7300000)
  from space 18944K, 0% used [0x00000000f7300000,0x00000000f7300000,0x00000000f8580000)
  to   space 18432K, 0% used [0x00000000f8600000,0x00000000f8600000,0x00000000f9800000)
 ParOldGen       total 349696K, used 349684K [0x00000000e0000000, 0x00000000f5580000, 0x00000000f5580000)
  object space 349696K, 99% used [0x00000000e0000000,0x00000000f557d138,0x00000000f5580000)
 Metaspace       used 60060K, committed 60864K, reserved 1105920K
  class space    used 5675K, committed 6016K, reserved 1048576K
}
Event: 1747.904 GC heap before
{Heap before GC invocations=1289 (full 1106):
 PSYoungGen      total 49152K, used 30208K [0x00000000f5580000, 0x00000000f9980000, 0x0000000100000000)
  eden space 30208K, 100% used [0x00000000f5580000,0x00000000f7300000,0x00000000f7300000)
  from space 18944K, 0% used [0x00000000f7300000,0x00000000f7300000,0x00000000f8580000)
  to   space 18432K, 0% used [0x00000000f8600000,0x00000000f8600000,0x00000000f9800000)
 ParOldGen       total 349696K, used 349686K [0x00000000e0000000, 0x00000000f5580000, 0x00000000f5580000)
  object space 349696K, 99% used [0x00000000e0000000,0x00000000f557da10,0x00000000f5580000)
 Metaspace       used 60060K, committed 60864K, reserved 1105920K
  class space    used 5675K, committed 6016K, reserved 1048576K
}
Event: 1749.298 GC heap after
{Heap after GC invocations=1289 (full 1106):
 PSYoungGen      total 48640K, used 30208K [0x00000000f5580000, 0x00000000f9980000, 0x0000000100000000)
  eden space 30208K, 100% used [0x00000000f5580000,0x00000000f7300000,0x00000000f7300000)
  from space 18432K, 0% used [0x00000000f8600000,0x00000000f8600000,0x00000000f9800000)
  to   space 18944K, 0% used [0x00000000f7300000,0x00000000f7300000,0x00000000f8580000)
 ParOldGen       total 349696K, used 349686K [0x00000000e0000000, 0x00000000f5580000, 0x00000000f5580000)
  object space 349696K, 99% used [0x00000000e0000000,0x00000000f557d858,0x00000000f5580000)
 Metaspace       used 60060K, committed 60864K, reserved 1105920K
  class space    used 5675K, committed 6016K, reserved 1048576K
}
Event: 1749.300 GC heap before
{Heap before GC invocations=1290 (full 1107):
 PSYoungGen      total 48640K, used 30208K [0x00000000f5580000, 0x00000000f9980000, 0x0000000100000000)
  eden space 30208K, 100% used [0x00000000f5580000,0x00000000f7300000,0x00000000f7300000)
  from space 18432K, 0% used [0x00000000f8600000,0x00000000f8600000,0x00000000f9800000)
  to   space 18944K, 0% used [0x00000000f7300000,0x00000000f7300000,0x00000000f8580000)
 ParOldGen       total 349696K, used 349690K [0x00000000e0000000, 0x00000000f5580000, 0x00000000f5580000)
  object space 349696K, 99% used [0x00000000e0000000,0x00000000f557eaf0,0x00000000f5580000)
 Metaspace       used 60060K, committed 60864K, reserved 1105920K
  class space    used 5675K, committed 6016K, reserved 1048576K
}
Event: 1750.730 GC heap after
{Heap after GC invocations=1290 (full 1107):
 PSYoungGen      total 49152K, used 30206K [0x00000000f5580000, 0x00000000f9980000, 0x0000000100000000)
  eden space 30208K, 99% used [0x00000000f5580000,0x00000000f72ffaf0,0x00000000f7300000)
  from space 18944K, 0% used [0x00000000f7300000,0x00000000f7300000,0x00000000f8580000)
  to   space 18432K, 0% used [0x00000000f8600000,0x00000000f8600000,0x00000000f9800000)
 ParOldGen       total 349696K, used 349690K [0x00000000e0000000, 0x00000000f5580000, 0x00000000f5580000)
  object space 349696K, 99% used [0x00000000e0000000,0x00000000f557eaf0,0x00000000f5580000)
 Metaspace       used 60060K, committed 60864K, reserved 1105920K
  class space    used 5675K, committed 6016K, reserved 1048576K
}
Event: 1750.730 GC heap before
{Heap before GC invocations=1291 (full 1108):
 PSYoungGen      total 49152K, used 30207K [0x00000000f5580000, 0x00000000f9980000, 0x0000000100000000)
  eden space 30208K, 99% used [0x00000000f5580000,0x00000000f72ffff8,0x00000000f7300000)
  from space 18944K, 0% used [0x00000000f7300000,0x00000000f7300000,0x00000000f8580000)
  to   space 18432K, 0% used [0x00000000f8600000,0x00000000f8600000,0x00000000f9800000)
 ParOldGen       total 349696K, used 349690K [0x00000000e0000000, 0x00000000f5580000, 0x00000000f5580000)
  object space 349696K, 99% used [0x00000000e0000000,0x00000000f557eaf0,0x00000000f5580000)
 Metaspace       used 60060K, committed 60864K, reserved 1105920K
  class space    used 5675K, committed 6016K, reserved 1048576K
}
Event: 1752.330 GC heap after
{Heap after GC invocations=1291 (full 1108):
 PSYoungGen      total 48640K, used 30207K [0x00000000f5580000, 0x00000000f9980000, 0x0000000100000000)
  eden space 30208K, 99% used [0x00000000f5580000,0x00000000f72ffd00,0x00000000f7300000)
  from space 18432K, 0% used [0x00000000f8600000,0x00000000f8600000,0x00000000f9800000)
  to   space 18944K, 0% used [0x00000000f7300000,0x00000000f7300000,0x00000000f8580000)
 ParOldGen       total 349696K, used 349690K [0x00000000e0000000, 0x00000000f5580000, 0x00000000f5580000)
  object space 349696K, 99% used [0x00000000e0000000,0x00000000f557eaf0,0x00000000f5580000)
 Metaspace       used 60060K, committed 60864K, reserved 1105920K
  class space    used 5675K, committed 6016K, reserved 1048576K
}
Event: 1752.331 GC heap before
{Heap before GC invocations=1292 (full 1109):
 PSYoungGen      total 48640K, used 30207K [0x00000000f5580000, 0x00000000f9980000, 0x0000000100000000)
  eden space 30208K, 99% used [0x00000000f5580000,0x00000000f72ffff8,0x00000000f7300000)
  from space 18432K, 0% used [0x00000000f8600000,0x00000000f8600000,0x00000000f9800000)
  to   space 18944K, 0% used [0x00000000f7300000,0x00000000f7300000,0x00000000f8580000)
 ParOldGen       total 349696K, used 349695K [0x00000000e0000000, 0x00000000f5580000, 0x00000000f5580000)
  object space 349696K, 99% used [0x00000000e0000000,0x00000000f557ff08,0x00000000f5580000)
 Metaspace       used 60060K, committed 60864K, reserved 1105920K
  class space    used 5675K, committed 6016K, reserved 1048576K
}
Event: 1754.071 GC heap after
{Heap after GC invocations=1292 (full 1109):
 PSYoungGen      total 49152K, used 30207K [0x00000000f5580000, 0x00000000f9980000, 0x0000000100000000)
  eden space 30208K, 99% used [0x00000000f5580000,0x00000000f72fff00,0x00000000f7300000)
  from space 18944K, 0% used [0x00000000f7300000,0x00000000f7300000,0x00000000f8580000)
  to   space 18432K, 0% used [0x00000000f8600000,0x00000000f8600000,0x00000000f9800000)
 ParOldGen       total 349696K, used 349694K [0x00000000e0000000, 0x00000000f5580000, 0x00000000f5580000)
  object space 349696K, 99% used [0x00000000e0000000,0x00000000f557fa28,0x00000000f5580000)
 Metaspace       used 60060K, committed 60864K, reserved 1105920K
  class space    used 5675K, committed 6016K, reserved 1048576K
}
Event: 1754.071 GC heap before
{Heap before GC invocations=1293 (full 1110):
 PSYoungGen      total 49152K, used 30207K [0x00000000f5580000, 0x00000000f9980000, 0x0000000100000000)
  eden space 30208K, 99% used [0x00000000f5580000,0x00000000f72fff00,0x00000000f7300000)
  from space 18944K, 0% used [0x00000000f7300000,0x00000000f7300000,0x00000000f8580000)
  to   space 18432K, 0% used [0x00000000f8600000,0x00000000f8600000,0x00000000f9800000)
 ParOldGen       total 349696K, used 349694K [0x00000000e0000000, 0x00000000f5580000, 0x00000000f5580000)
  object space 349696K, 99% used [0x00000000e0000000,0x00000000f557fa28,0x00000000f5580000)
 Metaspace       used 60060K, committed 60864K, reserved 1105920K
  class space    used 5675K, committed 6016K, reserved 1048576K
}
Event: 1755.812 GC heap after
{Heap after GC invocations=1293 (full 1110):
 PSYoungGen      total 48640K, used 30207K [0x00000000f5580000, 0x00000000f9980000, 0x0000000100000000)
  eden space 30208K, 99% used [0x00000000f5580000,0x00000000f72ffda8,0x00000000f7300000)
  from space 18432K, 0% used [0x00000000f8600000,0x00000000f8600000,0x00000000f9800000)
  to   space 18944K, 0% used [0x00000000f7300000,0x00000000f7300000,0x00000000f8580000)
 ParOldGen       total 349696K, used 349694K [0x00000000e0000000, 0x00000000f5580000, 0x00000000f5580000)
  object space 349696K, 99% used [0x00000000e0000000,0x00000000f557f990,0x00000000f5580000)
 Metaspace       used 60060K, committed 60864K, reserved 1105920K
  class space    used 5675K, committed 6016K, reserved 1048576K
}

