# JRE version: OpenJDK Runtime Environment GraalVM CE 22.3.0 (17.0.5+8) (build 17.0.5+8-jvmci-22.3-b08)
# Java VM: OpenJDK 64-Bit Server VM GraalVM CE 22.3.0 (17.0.5+8-jvmci-22.3-b08, mixed mode, sharing, tiered, jvmci, jvmci compiler, compressed oops, compressed class ptrs, parallel gc, linux-amd64)
GC Precious Log:
 CPUs: 8 total, 1 available
 Memory: 1024M
 Large Page Support: Disabled
 NUMA Support: Disabled
 Compressed Oops: Enabled (32-bit)
 Alignments: Space 512K, Generation 512K, Heap 2M
 Heap Min Capacity: 100M
 Heap Initial Capacity: 100M
 Heap Max Capacity: 512M
 Pre-touch: Disabled
 Parallel Workers: 1
Heap:
 PSYoungGen      total 41984K, used 27135K [0x00000000f5580000, 0x00000000f8f00000, 0x0000000100000000)
  eden space 27136K, 99% used [0x00000000f5580000,0x00000000f6fffff8,0x00000000f7000000)
  from space 14848K, 0% used [0x00000000f7000000,0x00000000f7000000,0x00000000f7e80000)
  to   space 14848K, 0% used [0x00000000f7e80000,0x00000000f7e80000,0x00000000f8d00000)
 ParOldGen       total 349696K, used 349695K [0x00000000e0000000, 0x00000000f5580000, 0x00000000f5580000)
  object space 349696K, 99% used [0x00000000e0000000,0x00000000f557ffe0,0x00000000f5580000)
 Metaspace       used 53982K, committed 54784K, reserved 1105920K
  class space    used 4957K, committed 5312K, reserved 1048576K
GC Heap History (20 events):
Event: 3116.368 GC heap before
{Heap before GC invocations=1898 (full 1790):
 PSYoungGen      total 41984K, used 27136K [0x00000000f5580000, 0x00000000f8f00000, 0x0000000100000000)
  eden space 27136K, 100% used [0x00000000f5580000,0x00000000f7000000,0x00000000f7000000)
  from space 14848K, 0% used [0x00000000f7000000,0x00000000f7000000,0x00000000f7e80000)
  to   space 14848K, 0% used [0x00000000f7e80000,0x00000000f7e80000,0x00000000f8d00000)
 ParOldGen       total 349696K, used 349526K [0x00000000e0000000, 0x00000000f5580000, 0x00000000f5580000)
  object space 349696K, 99% used [0x00000000e0000000,0x00000000f55559e0,0x00000000f5580000)
 Metaspace       used 53982K, committed 54784K, reserved 1105920K
  class space    used 4957K, committed 5312K, reserved 1048576K
}
Event: 3118.784 GC heap after
{Heap after GC invocations=1898 (full 1790):
 PSYoungGen      total 41984K, used 27135K [0x00000000f5580000, 0x00000000f8f00000, 0x0000000100000000)
  eden space 27136K, 99% used [0x00000000f5580000,0x00000000f6fffdf8,0x00000000f7000000)
  from space 14848K, 0% used [0x00000000f7e80000,0x00000000f7e80000,0x00000000f8d00000)
  to   space 14848K, 0% used [0x00000000f7000000,0x00000000f7000000,0x00000000f7e80000)
 ParOldGen       total 349696K, used 349526K [0x00000000e0000000, 0x00000000f5580000, 0x00000000f5580000)
  object space 349696K, 99% used [0x00000000e0000000,0x00000000f55559e0,0x00000000f5580000)
 Metaspace       used 53982K, committed 54784K, reserved 1105920K
  class space    used 4957K, committed 5312K, reserved 1048576K
}
Event: 3118.785 GC heap before
{Heap before GC invocations=1899 (full 1791):
 PSYoungGen      total 41984K, used 27135K [0x00000000f5580000, 0x00000000f8f00000, 0x0000000100000000)
  eden space 27136K, 99% used [0x00000000f5580000,0x00000000f6fffff8,0x00000000f7000000)
  from space 14848K, 0% used [0x00000000f7e80000,0x00000000f7e80000,0x00000000f8d00000)
  to   space 14848K, 0% used [0x00000000f7000000,0x00000000f7000000,0x00000000f7e80000)
 ParOldGen       total 349696K, used 349526K [0x00000000e0000000, 0x00000000f5580000, 0x00000000f5580000)
  object space 349696K, 99% used [0x00000000e0000000,0x00000000f55559e0,0x00000000f5580000)
 Metaspace       used 53982K, committed 54784K, reserved 1105920K
  class space    used 4957K, committed 5312K, reserved 1048576K
}
Event: 3121.289 GC heap after
{Heap after GC invocations=1899 (full 1791):
 PSYoungGen      total 41984K, used 27135K [0x00000000f5580000, 0x00000000f8f00000, 0x0000000100000000)
  eden space 27136K, 99% used [0x00000000f5580000,0x00000000f6ffff78,0x00000000f7000000)
  from space 14848K, 0% used [0x00000000f7000000,0x00000000f7000000,0x00000000f7e80000)
  to   space 14848K, 0% used [0x00000000f7e80000,0x00000000f7e80000,0x00000000f8d00000)
 ParOldGen       total 349696K, used 349526K [0x00000000e0000000, 0x00000000f5580000, 0x00000000f5580000)
  object space 349696K, 99% used [0x00000000e0000000,0x00000000f55559e0,0x00000000f5580000)
 Metaspace       used 53982K, committed 54784K, reserved 1105920K
  class space    used 4957K, committed 5312K, reserved 1048576K
}
Event: 3121.290 GC heap before
{Heap before GC invocations=1900 (full 1792):
 PSYoungGen      total 41984K, used 27135K [0x00000000f5580000, 0x00000000f8f00000, 0x0000000100000000)
  eden space 27136K, 99% used [0x00000000f5580000,0x00000000f6fffff8,0x00000000f7000000)
  from space 14848K, 0% used [0x00000000f7000000,0x00000000f7000000,0x00000000f7e80000)
  to   space 14848K, 0% used [0x00000000f7e80000,0x00000000f7e80000,0x00000000f8d00000)
 ParOldGen       total 349696K, used 349526K [0x00000000e0000000, 0x00000000f5580000, 0x00000000f5580000)
  object space 349696K, 99% used [0x00000000e0000000,0x00000000f55559e0,0x00000000f5580000)
 Metaspace       used 53982K, committed 54784K, reserved 1105920K
  class space    used 4957K, committed 5312K, reserved 1048576K
}
Event: 3123.728 GC heap after
{Heap after GC invocations=1900 (full 1792):
 PSYoungGen      total 41984K, used 27135K [0x00000000f5580000, 0x00000000f8f00000, 0x0000000100000000)
  eden space 27136K, 99% used [0x00000000f5580000,0x00000000f6ffffc0,0x00000000f7000000)
  from space 14848K, 0% used [0x00000000f7e80000,0x00000000f7e80000,0x00000000f8d00000)
  to   space 14848K, 0% used [0x00000000f7000000,0x00000000f7000000,0x00000000f7e80000)
 ParOldGen       total 349696K, used 349526K [0x00000000e0000000, 0x00000000f5580000, 0x00000000f5580000)
  object space 349696K, 99% used [0x00000000e0000000,0x00000000f55559c0,0x00000000f5580000)
 Metaspace       used 53982K, committed 54784K, reserved 1105920K
  class space    used 4957K, committed 5312K, reserved 1048576K
}
Event: 3123.732 GC heap before
{Heap before GC invocations=1901 (full 1793):
 PSYoungGen      total 41984K, used 27135K [0x00000000f5580000, 0x00000000f8f00000, 0x0000000100000000)
  eden space 27136K, 99% used [0x00000000f5580000,0x00000000f6fffff8,0x00000000f7000000)
  from space 14848K, 0% used [0x00000000f7e80000,0x00000000f7e80000,0x00000000f8d00000)
  to   space 14848K, 0% used [0x00000000f7000000,0x00000000f7000000,0x00000000f7e80000)
 ParOldGen       total 349696K, used 349526K [0x00000000e0000000, 0x00000000f5580000, 0x00000000f5580000)
  object space 349696K, 99% used [0x00000000e0000000,0x00000000f55559c0,0x00000000f5580000)
 Metaspace       used 53982K, committed 54784K, reserved 1105920K
  class space    used 4957K, committed 5312K, reserved 1048576K
}
Event: 3126.278 GC heap after
{Heap after GC invocations=1901 (full 1793):
 PSYoungGen      total 41984K, used 27135K [0x00000000f5580000, 0x00000000f8f00000, 0x0000000100000000)
  eden space 27136K, 99% used [0x00000000f5580000,0x00000000f6ffffd8,0x00000000f7000000)
  from space 14848K, 0% used [0x00000000f7000000,0x00000000f7000000,0x00000000f7e80000)
  to   space 14848K, 0% used [0x00000000f7e80000,0x00000000f7e80000,0x00000000f8d00000)
 ParOldGen       total 349696K, used 349526K [0x00000000e0000000, 0x00000000f5580000, 0x00000000f5580000)
  object space 349696K, 99% used [0x00000000e0000000,0x00000000f55559c0,0x00000000f5580000)
 Metaspace       used 53982K, committed 54784K, reserved 1105920K
  class space    used 4957K, committed 5312K, reserved 1048576K
}
Event: 3126.278 GC heap before
{Heap before GC invocations=1902 (full 1794):
 PSYoungGen      total 41984K, used 27135K [0x00000000f5580000, 0x00000000f8f00000, 0x0000000100000000)
  eden space 27136K, 99% used [0x00000000f5580000,0x00000000f6fffff0,0x00000000f7000000)
  from space 14848K, 0% used [0x00000000f7000000,0x00000000f7000000,0x00000000f7e80000)
  to   space 14848K, 0% used [0x00000000f7e80000,0x00000000f7e80000,0x00000000f8d00000)
 ParOldGen       total 349696K, used 349526K [0x00000000e0000000, 0x00000000f5580000, 0x00000000f5580000)
  object space 349696K, 99% used [0x00000000e0000000,0x00000000f55559c0,0x00000000f5580000)
 Metaspace       used 53982K, committed 54784K, reserved 1105920K
  class space    used 4957K, committed 5312K, reserved 1048576K
}
Event: 3128.637 GC heap after
{Heap after GC invocations=1902 (full 1794):
 PSYoungGen      total 41984K, used 27135K [0x00000000f5580000, 0x00000000f8f00000, 0x0000000100000000)
  eden space 27136K, 99% used [0x00000000f5580000,0x00000000f6fffff0,0x00000000f7000000)
  from space 14848K, 0% used [0x00000000f7e80000,0x00000000f7e80000,0x00000000f8d00000)
  to   space 14848K, 0% used [0x00000000f7000000,0x00000000f7000000,0x00000000f7e80000)
 ParOldGen       total 349696K, used 349526K [0x00000000e0000000, 0x00000000f5580000, 0x00000000f5580000)
  object space 349696K, 99% used [0x00000000e0000000,0x00000000f55559c0,0x00000000f5580000)
 Metaspace       used 53982K, committed 54784K, reserved 1105920K
  class space    used 4957K, committed 5312K, reserved 1048576K
}
Event: 3128.637 GC heap before
{Heap before GC invocations=1903 (full 1795):
 PSYoungGen      total 41984K, used 27135K [0x00000000f5580000, 0x00000000f8f00000, 0x0000000100000000)
  eden space 27136K, 99% used [0x00000000f5580000,0x00000000f6fffff0,0x00000000f7000000)
  from space 14848K, 0% used [0x00000000f7e80000,0x00000000f7e80000,0x00000000f8d00000)
  to   space 14848K, 0% used [0x00000000f7000000,0x00000000f7000000,0x00000000f7e80000)
 ParOldGen       total 349696K, used 349695K [0x00000000e0000000, 0x00000000f5580000, 0x00000000f5580000)
  object space 349696K, 99% used [0x00000000e0000000,0x00000000f557fe98,0x00000000f5580000)
 Metaspace       used 53982K, committed 54784K, reserved 1105920K
  class space    used 4957K, committed 5312K, reserved 1048576K
}
Event: 3131.099 GC heap after
{Heap after GC invocations=1903 (full 1795):
 PSYoungGen      total 41984K, used 27135K [0x00000000f5580000, 0x00000000f8f00000, 0x0000000100000000)
  eden space 27136K, 99% used [0x00000000f5580000,0x00000000f6ffff30,0x00000000f7000000)
  from space 14848K, 0% used [0x00000000f7000000,0x00000000f7000000,0x00000000f7e80000)
  to   space 14848K, 0% used [0x00000000f7e80000,0x00000000f7e80000,0x00000000f8d00000)
 ParOldGen       total 349696K, used 349695K [0x00000000e0000000, 0x00000000f5580000, 0x00000000f5580000)
  object space 349696K, 99% used [0x00000000e0000000,0x00000000f557fe98,0x00000000f5580000)
 Metaspace       used 53982K, committed 54784K, reserved 1105920K
  class space    used 4957K, committed 5312K, reserved 1048576K
}
Event: 3131.099 GC heap before
{Heap before GC invocations=1904 (full 1796):
 PSYoungGen      total 41984K, used 27135K [0x00000000f5580000, 0x00000000f8f00000, 0x0000000100000000)
  eden space 27136K, 99% used [0x00000000f5580000,0x00000000f6ffff30,0x00000000f7000000)
  from space 14848K, 0% used [0x00000000f7000000,0x00000000f7000000,0x00000000f7e80000)
  to   space 14848K, 0% used [0x00000000f7e80000,0x00000000f7e80000,0x00000000f8d00000)
 ParOldGen       total 349696K, used 349695K [0x00000000e0000000, 0x00000000f5580000, 0x00000000f5580000)
  object space 349696K, 99% used [0x00000000e0000000,0x00000000f557fe98,0x00000000f5580000)
 Metaspace       used 53982K, committed 54784K, reserved 1105920K
  class space    used 4957K, committed 5312K, reserved 1048576K
}
Event: 3133.469 GC heap after
{Heap after GC invocations=1904 (full 1796):
 PSYoungGen      total 41984K, used 27135K [0x00000000f5580000, 0x00000000f8f00000, 0x0000000100000000)
  eden space 27136K, 99% used [0x00000000f5580000,0x00000000f6ffff30,0x00000000f7000000)
  from space 14848K, 0% used [0x00000000f7e80000,0x00000000f7e80000,0x00000000f8d00000)
  to   space 14848K, 0% used [0x00000000f7000000,0x00000000f7000000,0x00000000f7e80000)
 ParOldGen       total 349696K, used 349695K [0x00000000e0000000, 0x00000000f5580000, 0x00000000f5580000)
  object space 349696K, 99% used [0x00000000e0000000,0x00000000f557fe98,0x00000000f5580000)
 Metaspace       used 53982K, committed 54784K, reserved 1105920K
  class space    used 4957K, committed 5312K, reserved 1048576K
}
Event: 3133.472 GC heap before
{Heap before GC invocations=1905 (full 1797):
 PSYoungGen      total 41984K, used 27136K [0x00000000f5580000, 0x00000000f8f00000, 0x0000000100000000)
  eden space 27136K, 100% used [0x00000000f5580000,0x00000000f7000000,0x00000000f7000000)
  from space 14848K, 0% used [0x00000000f7e80000,0x00000000f7e80000,0x00000000f8d00000)
  to   space 14848K, 0% used [0x00000000f7000000,0x00000000f7000000,0x00000000f7e80000)
 ParOldGen       total 349696K, used 349695K [0x00000000e0000000, 0x00000000f5580000, 0x00000000f5580000)
  object space 349696K, 99% used [0x00000000e0000000,0x00000000f557ffe8,0x00000000f5580000)
 Metaspace       used 53982K, committed 54784K, reserved 1105920K
  class space    used 4957K, committed 5312K, reserved 1048576K
}
Event: 3135.824 GC heap after
{Heap after GC invocations=1905 (full 1797):
 PSYoungGen      total 41984K, used 27135K [0x00000000f5580000, 0x00000000f8f00000, 0x0000000100000000)
  eden space 27136K, 99% used [0x00000000f5580000,0x00000000f6ffff50,0x00000000f7000000)
  from space 14848K, 0% used [0x00000000f7000000,0x00000000f7000000,0x00000000f7e80000)
  to   space 14848K, 0% used [0x00000000f7e80000,0x00000000f7e80000,0x00000000f8d00000)
 ParOldGen       total 349696K, used 349694K [0x00000000e0000000, 0x00000000f5580000, 0x00000000f5580000)
  object space 349696K, 99% used [0x00000000e0000000,0x00000000f557f8f8,0x00000000f5580000)
 Metaspace       used 53982K, committed 54784K, reserved 1105920K
  class space    used 4957K, committed 5312K, reserved 1048576K
}
Event: 3135.825 GC heap before
{Heap before GC invocations=1906 (full 1798):
 PSYoungGen      total 41984K, used 27135K [0x00000000f5580000, 0x00000000f8f00000, 0x0000000100000000)
  eden space 27136K, 99% used [0x00000000f5580000,0x00000000f6ffff88,0x00000000f7000000)
  from space 14848K, 0% used [0x00000000f7000000,0x00000000f7000000,0x00000000f7e80000)
  to   space 14848K, 0% used [0x00000000f7e80000,0x00000000f7e80000,0x00000000f8d00000)
 ParOldGen       total 349696K, used 349694K [0x00000000e0000000, 0x00000000f5580000, 0x00000000f5580000)
  object space 349696K, 99% used [0x00000000e0000000,0x00000000f557f8f8,0x00000000f5580000)
 Metaspace       used 53982K, committed 54784K, reserved 1105920K
  class space    used 4957K, committed 5312K, reserved 1048576K
}
Event: 3138.085 GC heap after
{Heap after GC invocations=1906 (full 1798):
 PSYoungGen      total 41984K, used 27135K [0x00000000f5580000, 0x00000000f8f00000, 0x0000000100000000)
  eden space 27136K, 99% used [0x00000000f5580000,0x00000000f6ffff68,0x00000000f7000000)
  from space 14848K, 0% used [0x00000000f7e80000,0x00000000f7e80000,0x00000000f8d00000)
  to   space 14848K, 0% used [0x00000000f7000000,0x00000000f7000000,0x00000000f7e80000)
 ParOldGen       total 349696K, used 349694K [0x00000000e0000000, 0x00000000f5580000, 0x00000000f5580000)
  object space 349696K, 99% used [0x00000000e0000000,0x00000000f557f8f8,0x00000000f5580000)
 Metaspace       used 53982K, committed 54784K, reserved 1105920K
  class space    used 4957K, committed 5312K, reserved 1048576K
}
Event: 3138.085 GC heap before
{Heap before GC invocations=1907 (full 1799):
 PSYoungGen      total 41984K, used 27135K [0x00000000f5580000, 0x00000000f8f00000, 0x0000000100000000)
  eden space 27136K, 99% used [0x00000000f5580000,0x00000000f6ffff68,0x00000000f7000000)
  from space 14848K, 0% used [0x00000000f7e80000,0x00000000f7e80000,0x00000000f8d00000)
  to   space 14848K, 0% used [0x00000000f7000000,0x00000000f7000000,0x00000000f7e80000)
 ParOldGen       total 349696K, used 349694K [0x00000000e0000000, 0x00000000f5580000, 0x00000000f5580000)
  object space 349696K, 99% used [0x00000000e0000000,0x00000000f557f8f8,0x00000000f5580000)
 Metaspace       used 53982K, committed 54784K, reserved 1105920K
  class space    used 4957K, committed 5312K, reserved 1048576K
}
Event: 3140.444 GC heap after
{Heap after GC invocations=1907 (full 1799):
 PSYoungGen      total 41984K, used 27135K [0x00000000f5580000, 0x00000000f8f00000, 0x0000000100000000)
  eden space 27136K, 99% used [0x00000000f5580000,0x00000000f6ffff68,0x00000000f7000000)
  from space 14848K, 0% used [0x00000000f7000000,0x00000000f7000000,0x00000000f7e80000)
  to   space 14848K, 0% used [0x00000000f7e80000,0x00000000f7e80000,0x00000000f8d00000)
 ParOldGen       total 349696K, used 349694K [0x00000000e0000000, 0x00000000f5580000, 0x00000000f5580000)
  object space 349696K, 99% used [0x00000000e0000000,0x00000000f557f8f8,0x00000000f5580000)
 Metaspace       used 53982K, committed 54784K, reserved 1105920K
  class space    used 4957K, committed 5312K, reserved 1048576K
}

