# JRE version: OpenJDK Runtime Environment GraalVM CE 22.3.0 (17.0.5+8) (build 17.0.5+8-jvmci-22.3-b08)
# Java VM: OpenJDK 64-Bit Server VM GraalVM CE 22.3.0 (17.0.5+8-jvmci-22.3-b08, mixed mode, sharing, tiered, jvmci, jvmci compiler, compressed oops, compressed class ptrs, parallel gc, linux-amd64)
GC Precious Log:
 CPUs: 8 total, 1 available
 Memory: 1024M
 Large Page Support: Disabled
 NUMA Support: Disabled
 Compressed Oops: Enabled (32-bit)
 Alignments: Space 512K, Generation 512K, Heap 2M
 Heap Min Capacity: 100M
 Heap Initial Capacity: 100M
 Heap Max Capacity: 512M
 Pre-touch: Disabled
 Parallel Workers: 1
Heap:
 PSYoungGen      total 27136K, used 18943K [0x00000000f5580000, 0x00000000f7880000, 0x0000000100000000)
  eden space 18944K, 99% used [0x00000000f5580000,0x00000000f67ffff0,0x00000000f6800000)
  from space 8192K, 0% used [0x00000000f7000000,0x00000000f7000000,0x00000000f7800000)
  to   space 8192K, 0% used [0x00000000f6800000,0x00000000f6800000,0x00000000f7000000)
 ParOldGen       total 349696K, used 349695K [0x00000000e0000000, 0x00000000f5580000, 0x00000000f5580000)
  object space 349696K, 99% used [0x00000000e0000000,0x00000000f557fff8,0x00000000f5580000)
 Metaspace       used 59541K, committed 60416K, reserved 1105920K
  class space    used 5633K, committed 6016K, reserved 1048576K
GC Heap History (20 events):
Event: 384.366 GC heap before
{Heap before GC invocations=401 (full 243):
 PSYoungGen      total 27136K, used 18943K [0x00000000f5580000, 0x00000000f7880000, 0x0000000100000000)
  eden space 18944K, 99% used [0x00000000f5580000,0x00000000f67ffff0,0x00000000f6800000)
  from space 8192K, 0% used [0x00000000f7000000,0x00000000f7000000,0x00000000f7800000)
  to   space 8192K, 0% used [0x00000000f6800000,0x00000000f6800000,0x00000000f7000000)
 ParOldGen       total 349696K, used 349683K [0x00000000e0000000, 0x00000000f5580000, 0x00000000f5580000)
  object space 349696K, 99% used [0x00000000e0000000,0x00000000f557cf08,0x00000000f5580000)
 Metaspace       used 59541K, committed 60416K, reserved 1105920K
  class space    used 5633K, committed 6016K, reserved 1048576K
}
Event: 385.652 GC heap after
{Heap after GC invocations=401 (full 243):
 PSYoungGen      total 27136K, used 18943K [0x00000000f5580000, 0x00000000f7880000, 0x0000000100000000)
  eden space 18944K, 99% used [0x00000000f5580000,0x00000000f67ffff0,0x00000000f6800000)
  from space 8192K, 0% used [0x00000000f6800000,0x00000000f6800000,0x00000000f7000000)
  to   space 8192K, 0% used [0x00000000f7000000,0x00000000f7000000,0x00000000f7800000)
 ParOldGen       total 349696K, used 349683K [0x00000000e0000000, 0x00000000f5580000, 0x00000000f5580000)
  object space 349696K, 99% used [0x00000000e0000000,0x00000000f557cf08,0x00000000f5580000)
 Metaspace       used 59541K, committed 60416K, reserved 1105920K
  class space    used 5633K, committed 6016K, reserved 1048576K
}
Event: 385.655 GC heap before
{Heap before GC invocations=402 (full 244):
 PSYoungGen      total 27136K, used 18944K [0x00000000f5580000, 0x00000000f7880000, 0x0000000100000000)
  eden space 18944K, 100% used [0x00000000f5580000,0x00000000f6800000,0x00000000f6800000)
  from space 8192K, 0% used [0x00000000f6800000,0x00000000f6800000,0x00000000f7000000)
  to   space 8192K, 0% used [0x00000000f7000000,0x00000000f7000000,0x00000000f7800000)
 ParOldGen       total 349696K, used 349685K [0x00000000e0000000, 0x00000000f5580000, 0x00000000f5580000)
  object space 349696K, 99% used [0x00000000e0000000,0x00000000f557d568,0x00000000f5580000)
 Metaspace       used 59541K, committed 60416K, reserved 1105920K
  class space    used 5633K, committed 6016K, reserved 1048576K
}
Event: 386.882 GC heap after
{Heap after GC invocations=402 (full 244):
 PSYoungGen      total 27136K, used 18943K [0x00000000f5580000, 0x00000000f7880000, 0x0000000100000000)
  eden space 18944K, 99% used [0x00000000f5580000,0x00000000f67fff60,0x00000000f6800000)
  from space 8192K, 0% used [0x00000000f7000000,0x00000000f7000000,0x00000000f7800000)
  to   space 8192K, 0% used [0x00000000f6800000,0x00000000f6800000,0x00000000f7000000)
 ParOldGen       total 349696K, used 349685K [0x00000000e0000000, 0x00000000f5580000, 0x00000000f5580000)
  object space 349696K, 99% used [0x00000000e0000000,0x00000000f557d498,0x00000000f5580000)
 Metaspace       used 59541K, committed 60416K, reserved 1105920K
  class space    used 5633K, committed 6016K, reserved 1048576K
}
Event: 386.882 GC heap before
{Heap before GC invocations=403 (full 245):
 PSYoungGen      total 27136K, used 18944K [0x00000000f5580000, 0x00000000f7880000, 0x0000000100000000)
  eden space 18944K, 100% used [0x00000000f5580000,0x00000000f6800000,0x00000000f6800000)
  from space 8192K, 0% used [0x00000000f7000000,0x00000000f7000000,0x00000000f7800000)
  to   space 8192K, 0% used [0x00000000f6800000,0x00000000f6800000,0x00000000f7000000)
 ParOldGen       total 349696K, used 349690K [0x00000000e0000000, 0x00000000f5580000, 0x00000000f5580000)
  object space 349696K, 99% used [0x00000000e0000000,0x00000000f557e938,0x00000000f5580000)
 Metaspace       used 59541K, committed 60416K, reserved 1105920K
  class space    used 5633K, committed 6016K, reserved 1048576K
}
Event: 388.035 GC heap after
{Heap after GC invocations=403 (full 245):
 PSYoungGen      total 27136K, used 18943K [0x00000000f5580000, 0x00000000f7880000, 0x0000000100000000)
  eden space 18944K, 99% used [0x00000000f5580000,0x00000000f67fffa8,0x00000000f6800000)
  from space 8192K, 0% used [0x00000000f6800000,0x00000000f6800000,0x00000000f7000000)
  to   space 8192K, 0% used [0x00000000f7000000,0x00000000f7000000,0x00000000f7800000)
 ParOldGen       total 349696K, used 349689K [0x00000000e0000000, 0x00000000f5580000, 0x00000000f5580000)
  object space 349696K, 99% used [0x00000000e0000000,0x00000000f557e478,0x00000000f5580000)
 Metaspace       used 59541K, committed 60416K, reserved 1105920K
  class space    used 5633K, committed 6016K, reserved 1048576K
}
Event: 388.035 GC heap before
{Heap before GC invocations=404 (full 246):
 PSYoungGen      total 27136K, used 18943K [0x00000000f5580000, 0x00000000f7880000, 0x0000000100000000)
  eden space 18944K, 99% used [0x00000000f5580000,0x00000000f67ffff0,0x00000000f6800000)
  from space 8192K, 0% used [0x00000000f6800000,0x00000000f6800000,0x00000000f7000000)
  to   space 8192K, 0% used [0x00000000f7000000,0x00000000f7000000,0x00000000f7800000)
 ParOldGen       total 349696K, used 349689K [0x00000000e0000000, 0x00000000f5580000, 0x00000000f5580000)
  object space 349696K, 99% used [0x00000000e0000000,0x00000000f557e478,0x00000000f5580000)
 Metaspace       used 59541K, committed 60416K, reserved 1105920K
  class space    used 5633K, committed 6016K, reserved 1048576K
}
Event: 389.176 GC heap after
{Heap after GC invocations=404 (full 246):
 PSYoungGen      total 27136K, used 18943K [0x00000000f5580000, 0x00000000f7880000, 0x0000000100000000)
  eden space 18944K, 99% used [0x00000000f5580000,0x00000000f67ffff0,0x00000000f6800000)
  from space 8192K, 0% used [0x00000000f7000000,0x00000000f7000000,0x00000000f7800000)
  to   space 8192K, 0% used [0x00000000f6800000,0x00000000f6800000,0x00000000f7000000)
 ParOldGen       total 349696K, used 349689K [0x00000000e0000000, 0x00000000f5580000, 0x00000000f5580000)
  object space 349696K, 99% used [0x00000000e0000000,0x00000000f557e478,0x00000000f5580000)
 Metaspace       used 59541K, committed 60416K, reserved 1105920K
  class space    used 5633K, committed 6016K, reserved 1048576K
}
Event: 389.177 GC heap before
{Heap before GC invocations=405 (full 247):
 PSYoungGen      total 27136K, used 18943K [0x00000000f5580000, 0x00000000f7880000, 0x0000000100000000)
  eden space 18944K, 99% used [0x00000000f5580000,0x00000000f67ffff0,0x00000000f6800000)
  from space 8192K, 0% used [0x00000000f7000000,0x00000000f7000000,0x00000000f7800000)
  to   space 8192K, 0% used [0x00000000f6800000,0x00000000f6800000,0x00000000f7000000)
 ParOldGen       total 349696K, used 349692K [0x00000000e0000000, 0x00000000f5580000, 0x00000000f5580000)
  object space 349696K, 99% used [0x00000000e0000000,0x00000000f557f040,0x00000000f5580000)
 Metaspace       used 59541K, committed 60416K, reserved 1105920K
  class space    used 5633K, committed 6016K, reserved 1048576K
}
Event: 390.369 GC heap after
{Heap after GC invocations=405 (full 247):
 PSYoungGen      total 27136K, used 18943K [0x00000000f5580000, 0x00000000f7880000, 0x0000000100000000)
  eden space 18944K, 99% used [0x00000000f5580000,0x00000000f67ffcf8,0x00000000f6800000)
  from space 8192K, 0% used [0x00000000f6800000,0x00000000f6800000,0x00000000f7000000)
  to   space 8192K, 0% used [0x00000000f7000000,0x00000000f7000000,0x00000000f7800000)
 ParOldGen       total 349696K, used 349692K [0x00000000e0000000, 0x00000000f5580000, 0x00000000f5580000)
  object space 349696K, 99% used [0x00000000e0000000,0x00000000f557f040,0x00000000f5580000)
 Metaspace       used 59541K, committed 60416K, reserved 1105920K
  class space    used 5633K, committed 6016K, reserved 1048576K
}
Event: 390.369 GC heap before
{Heap before GC invocations=406 (full 248):
 PSYoungGen      total 27136K, used 18943K [0x00000000f5580000, 0x00000000f7880000, 0x0000000100000000)
  eden space 18944K, 99% used [0x00000000f5580000,0x00000000f67ffff0,0x00000000f6800000)
  from space 8192K, 0% used [0x00000000f6800000,0x00000000f6800000,0x00000000f7000000)
  to   space 8192K, 0% used [0x00000000f7000000,0x00000000f7000000,0x00000000f7800000)
 ParOldGen       total 349696K, used 349692K [0x00000000e0000000, 0x00000000f5580000, 0x00000000f5580000)
  object space 349696K, 99% used [0x00000000e0000000,0x00000000f557f040,0x00000000f5580000)
 Metaspace       used 59541K, committed 60416K, reserved 1105920K
  class space    used 5633K, committed 6016K, reserved 1048576K
}
Event: 391.463 GC heap after
{Heap after GC invocations=406 (full 248):
 PSYoungGen      total 27136K, used 18943K [0x00000000f5580000, 0x00000000f7880000, 0x0000000100000000)
  eden space 18944K, 99% used [0x00000000f5580000,0x00000000f67fff00,0x00000000f6800000)
  from space 8192K, 0% used [0x00000000f7000000,0x00000000f7000000,0x00000000f7800000)
  to   space 8192K, 0% used [0x00000000f6800000,0x00000000f6800000,0x00000000f7000000)
 ParOldGen       total 349696K, used 349692K [0x00000000e0000000, 0x00000000f5580000, 0x00000000f5580000)
  object space 349696K, 99% used [0x00000000e0000000,0x00000000f557f040,0x00000000f5580000)
 Metaspace       used 59541K, committed 60416K, reserved 1105920K
  class space    used 5633K, committed 6016K, reserved 1048576K
}
Event: 391.465 GC heap before
{Heap before GC invocations=407 (full 249):
 PSYoungGen      total 27136K, used 18944K [0x00000000f5580000, 0x00000000f7880000, 0x0000000100000000)
  eden space 18944K, 100% used [0x00000000f5580000,0x00000000f6800000,0x00000000f6800000)
  from space 8192K, 0% used [0x00000000f7000000,0x00000000f7000000,0x00000000f7800000)
  to   space 8192K, 0% used [0x00000000f6800000,0x00000000f6800000,0x00000000f7000000)
 ParOldGen       total 349696K, used 349695K [0x00000000e0000000, 0x00000000f5580000, 0x00000000f5580000)
  object space 349696K, 99% used [0x00000000e0000000,0x00000000f557fe68,0x00000000f5580000)
 Metaspace       used 59541K, committed 60416K, reserved 1105920K
  class space    used 5633K, committed 6016K, reserved 1048576K
}
Event: 392.644 GC heap after
{Heap after GC invocations=407 (full 249):
 PSYoungGen      total 27136K, used 18943K [0x00000000f5580000, 0x00000000f7880000, 0x0000000100000000)
  eden space 18944K, 99% used [0x00000000f5580000,0x00000000f67fffd0,0x00000000f6800000)
  from space 8192K, 0% used [0x00000000f6800000,0x00000000f6800000,0x00000000f7000000)
  to   space 8192K, 0% used [0x00000000f7000000,0x00000000f7000000,0x00000000f7800000)
 ParOldGen       total 349696K, used 349694K [0x00000000e0000000, 0x00000000f5580000, 0x00000000f5580000)
  object space 349696K, 99% used [0x00000000e0000000,0x00000000f557fb48,0x00000000f5580000)
 Metaspace       used 59541K, committed 60416K, reserved 1105920K
  class space    used 5633K, committed 6016K, reserved 1048576K
}
Event: 392.644 GC heap before
{Heap before GC invocations=408 (full 250):
 PSYoungGen      total 27136K, used 18943K [0x00000000f5580000, 0x00000000f7880000, 0x0000000100000000)
  eden space 18944K, 99% used [0x00000000f5580000,0x00000000f67ffff0,0x00000000f6800000)
  from space 8192K, 0% used [0x00000000f6800000,0x00000000f6800000,0x00000000f7000000)
  to   space 8192K, 0% used [0x00000000f7000000,0x00000000f7000000,0x00000000f7800000)
 ParOldGen       total 349696K, used 349694K [0x00000000e0000000, 0x00000000f5580000, 0x00000000f5580000)
  object space 349696K, 99% used [0x00000000e0000000,0x00000000f557fb48,0x00000000f5580000)
 Metaspace       used 59541K, committed 60416K, reserved 1105920K
  class space    used 5633K, committed 6016K, reserved 1048576K
}
Event: 393.739 GC heap after
{Heap after GC invocations=408 (full 250):
 PSYoungGen      total 27136K, used 18943K [0x00000000f5580000, 0x00000000f7880000, 0x0000000100000000)
  eden space 18944K, 99% used [0x00000000f5580000,0x00000000f67ffff0,0x00000000f6800000)
  from space 8192K, 0% used [0x00000000f7000000,0x00000000f7000000,0x00000000f7800000)
  to   space 8192K, 0% used [0x00000000f6800000,0x00000000f6800000,0x00000000f7000000)
 ParOldGen       total 349696K, used 349694K [0x00000000e0000000, 0x00000000f5580000, 0x00000000f5580000)
  object space 349696K, 99% used [0x00000000e0000000,0x00000000f557fb48,0x00000000f5580000)
 Metaspace       used 59541K, committed 60416K, reserved 1105920K
  class space    used 5633K, committed 6016K, reserved 1048576K
}
Event: 393.739 GC heap before
{Heap before GC invocations=409 (full 251):
 PSYoungGen      total 27136K, used 18943K [0x00000000f5580000, 0x00000000f7880000, 0x0000000100000000)
  eden space 18944K, 99% used [0x00000000f5580000,0x00000000f67ffff0,0x00000000f6800000)
  from space 8192K, 0% used [0x00000000f7000000,0x00000000f7000000,0x00000000f7800000)
  to   space 8192K, 0% used [0x00000000f6800000,0x00000000f6800000,0x00000000f7000000)
 ParOldGen       total 349696K, used 349695K [0x00000000e0000000, 0x00000000f5580000, 0x00000000f5580000)
  object space 349696K, 99% used [0x00000000e0000000,0x00000000f557fdb0,0x00000000f5580000)
 Metaspace       used 59541K, committed 60416K, reserved 1105920K
  class space    used 5633K, committed 6016K, reserved 1048576K
}
Event: 394.944 GC heap after
{Heap after GC invocations=409 (full 251):
 PSYoungGen      total 27136K, used 18943K [0x00000000f5580000, 0x00000000f7880000, 0x0000000100000000)
  eden space 18944K, 99% used [0x00000000f5580000,0x00000000f67fff28,0x00000000f6800000)
  from space 8192K, 0% used [0x00000000f6800000,0x00000000f6800000,0x00000000f7000000)
  to   space 8192K, 0% used [0x00000000f7000000,0x00000000f7000000,0x00000000f7800000)
 ParOldGen       total 349696K, used 349695K [0x00000000e0000000, 0x00000000f5580000, 0x00000000f5580000)
  object space 349696K, 99% used [0x00000000e0000000,0x00000000f557fdb0,0x00000000f5580000)
 Metaspace       used 59541K, committed 60416K, reserved 1105920K
  class space    used 5633K, committed 6016K, reserved 1048576K
}
Event: 394.944 GC heap before
{Heap before GC invocations=410 (full 252):
 PSYoungGen      total 27136K, used 18943K [0x00000000f5580000, 0x00000000f7880000, 0x0000000100000000)
  eden space 18944K, 99% used [0x00000000f5580000,0x00000000f67fff28,0x00000000f6800000)
  from space 8192K, 0% used [0x00000000f6800000,0x00000000f6800000,0x00000000f7000000)
  to   space 8192K, 0% used [0x00000000f7000000,0x00000000f7000000,0x00000000f7800000)
 ParOldGen       total 349696K, used 349695K [0x00000000e0000000, 0x00000000f5580000, 0x00000000f5580000)
  object space 349696K, 99% used [0x00000000e0000000,0x00000000f557fdb0,0x00000000f5580000)
 Metaspace       used 59541K, committed 60416K, reserved 1105920K
  class space    used 5633K, committed 6016K, reserved 1048576K
}
Event: 396.187 GC heap after
{Heap after GC invocations=410 (full 252):
 PSYoungGen      total 27136K, used 18943K [0x00000000f5580000, 0x00000000f7880000, 0x0000000100000000)
  eden space 18944K, 99% used [0x00000000f5580000,0x00000000f67fff28,0x00000000f6800000)
  from space 8192K, 0% used [0x00000000f7000000,0x00000000f7000000,0x00000000f7800000)
  to   space 8192K, 0% used [0x00000000f6800000,0x00000000f6800000,0x00000000f7000000)
 ParOldGen       total 349696K, used 349695K [0x00000000e0000000, 0x00000000f5580000, 0x00000000f5580000)
  object space 349696K, 99% used [0x00000000e0000000,0x00000000f557fdb0,0x00000000f5580000)
 Metaspace       used 59541K, committed 60416K, reserved 1105920K
  class space    used 5633K, committed 6016K, reserved 1048576K
}

