# JRE version: OpenJDK Runtime Environment GraalVM CE 22.3.0 (17.0.5+8) (build 17.0.5+8-jvmci-22.3-b08)
# Java VM: OpenJDK 64-Bit Server VM GraalVM CE 22.3.0 (17.0.5+8-jvmci-22.3-b08, mixed mode, sharing, tiered, jvmci, jvmci compiler, compressed oops, compressed class ptrs, parallel gc, linux-amd64)
GC Precious Log:
 CPUs: 8 total, 1 available
 Memory: 1024M
 Large Page Support: Disabled
 NUMA Support: Disabled
 Compressed Oops: Enabled (32-bit)
 Alignments: Space 512K, Generation 512K, Heap 2M
 Heap Min Capacity: 100M
 Heap Initial Capacity: 100M
 Heap Max Capacity: 512M
 Pre-touch: Disabled
 Parallel Workers: 1
Heap:
 PSYoungGen      total 60928K, used 47615K [0x00000000f5580000, 0x00000000f9f00000, 0x0000000100000000)
  eden space 47616K, 99% used [0x00000000f5580000,0x00000000f83ffff8,0x00000000f8400000)
  from space 13312K, 0% used [0x00000000f8400000,0x00000000f8400000,0x00000000f9100000)
  to   space 13312K, 0% used [0x00000000f9180000,0x00000000f9180000,0x00000000f9e80000)
 ParOldGen       total 349696K, used 349693K [0x00000000e0000000, 0x00000000f5580000, 0x00000000f5580000)
  object space 349696K, 99% used [0x00000000e0000000,0x00000000f557f730,0x00000000f5580000)
 Metaspace       used 59724K, committed 60608K, reserved 1105920K
  class space    used 5225K, committed 5632K, reserved 1048576K
GC Heap History (20 events):
Event: 5289.846 GC heap before
{Heap before GC invocations=3094 (full 2945):
 PSYoungGen      total 60928K, used 47615K [0x00000000f5580000, 0x00000000f9f00000, 0x0000000100000000)
  eden space 47616K, 99% used [0x00000000f5580000,0x00000000f83fffa0,0x00000000f8400000)
  from space 13312K, 0% used [0x00000000f8400000,0x00000000f8400000,0x00000000f9100000)
  to   space 13312K, 0% used [0x00000000f9180000,0x00000000f9180000,0x00000000f9e80000)
 ParOldGen       total 349696K, used 349684K [0x00000000e0000000, 0x00000000f5580000, 0x00000000f5580000)
  object space 349696K, 99% used [0x00000000e0000000,0x00000000f557d260,0x00000000f5580000)
 Metaspace       used 59724K, committed 60608K, reserved 1105920K
  class space    used 5225K, committed 5632K, reserved 1048576K
}
Event: 5291.480 GC heap after
{Heap after GC invocations=3094 (full 2945):
 PSYoungGen      total 60928K, used 47615K [0x00000000f5580000, 0x00000000f9f00000, 0x0000000100000000)
  eden space 47616K, 99% used [0x00000000f5580000,0x00000000f83fff88,0x00000000f8400000)
  from space 13312K, 0% used [0x00000000f9180000,0x00000000f9180000,0x00000000f9e80000)
  to   space 13312K, 0% used [0x00000000f8400000,0x00000000f8400000,0x00000000f9100000)
 ParOldGen       total 349696K, used 349684K [0x00000000e0000000, 0x00000000f5580000, 0x00000000f5580000)
  object space 349696K, 99% used [0x00000000e0000000,0x00000000f557d260,0x00000000f5580000)
 Metaspace       used 59724K, committed 60608K, reserved 1105920K
  class space    used 5225K, committed 5632K, reserved 1048576K
}
Event: 5291.480 GC heap before
{Heap before GC invocations=3095 (full 2946):
 PSYoungGen      total 60928K, used 47616K [0x00000000f5580000, 0x00000000f9f00000, 0x0000000100000000)
  eden space 47616K, 100% used [0x00000000f5580000,0x00000000f8400000,0x00000000f8400000)
  from space 13312K, 0% used [0x00000000f9180000,0x00000000f9180000,0x00000000f9e80000)
  to   space 13312K, 0% used [0x00000000f8400000,0x00000000f8400000,0x00000000f9100000)
 ParOldGen       total 349696K, used 349689K [0x00000000e0000000, 0x00000000f5580000, 0x00000000f5580000)
  object space 349696K, 99% used [0x00000000e0000000,0x00000000f557e498,0x00000000f5580000)
 Metaspace       used 59724K, committed 60608K, reserved 1105920K
  class space    used 5225K, committed 5632K, reserved 1048576K
}
Event: 5293.351 GC heap after
{Heap after GC invocations=3095 (full 2946):
 PSYoungGen      total 60928K, used 47615K [0x00000000f5580000, 0x00000000f9f00000, 0x0000000100000000)
  eden space 47616K, 99% used [0x00000000f5580000,0x00000000f83fff40,0x00000000f8400000)
  from space 13312K, 0% used [0x00000000f8400000,0x00000000f8400000,0x00000000f9100000)
  to   space 13312K, 0% used [0x00000000f9180000,0x00000000f9180000,0x00000000f9e80000)
 ParOldGen       total 349696K, used 349688K [0x00000000e0000000, 0x00000000f5580000, 0x00000000f5580000)
  object space 349696K, 99% used [0x00000000e0000000,0x00000000f557e138,0x00000000f5580000)
 Metaspace       used 59724K, committed 60608K, reserved 1105920K
  class space    used 5225K, committed 5632K, reserved 1048576K
}
Event: 5293.352 GC heap before
{Heap before GC invocations=3096 (full 2947):
 PSYoungGen      total 60928K, used 47615K [0x00000000f5580000, 0x00000000f9f00000, 0x0000000100000000)
  eden space 47616K, 99% used [0x00000000f5580000,0x00000000f83ffff8,0x00000000f8400000)
  from space 13312K, 0% used [0x00000000f8400000,0x00000000f8400000,0x00000000f9100000)
  to   space 13312K, 0% used [0x00000000f9180000,0x00000000f9180000,0x00000000f9e80000)
 ParOldGen       total 349696K, used 349688K [0x00000000e0000000, 0x00000000f5580000, 0x00000000f5580000)
  object space 349696K, 99% used [0x00000000e0000000,0x00000000f557e138,0x00000000f5580000)
 Metaspace       used 59724K, committed 60608K, reserved 1105920K
  class space    used 5225K, committed 5632K, reserved 1048576K
}
Event: 5295.384 GC heap after
{Heap after GC invocations=3096 (full 2947):
 PSYoungGen      total 60928K, used 47615K [0x00000000f5580000, 0x00000000f9f00000, 0x0000000100000000)
  eden space 47616K, 99% used [0x00000000f5580000,0x00000000f83ffff8,0x00000000f8400000)
  from space 13312K, 0% used [0x00000000f9180000,0x00000000f9180000,0x00000000f9e80000)
  to   space 13312K, 0% used [0x00000000f8400000,0x00000000f8400000,0x00000000f9100000)
 ParOldGen       total 349696K, used 349688K [0x00000000e0000000, 0x00000000f5580000, 0x00000000f5580000)
  object space 349696K, 99% used [0x00000000e0000000,0x00000000f557e138,0x00000000f5580000)
 Metaspace       used 59724K, committed 60608K, reserved 1105920K
  class space    used 5225K, committed 5632K, reserved 1048576K
}
Event: 5295.385 GC heap before
{Heap before GC invocations=3097 (full 2948):
 PSYoungGen      total 60928K, used 47615K [0x00000000f5580000, 0x00000000f9f00000, 0x0000000100000000)
  eden space 47616K, 99% used [0x00000000f5580000,0x00000000f83ffff8,0x00000000f8400000)
  from space 13312K, 0% used [0x00000000f9180000,0x00000000f9180000,0x00000000f9e80000)
  to   space 13312K, 0% used [0x00000000f8400000,0x00000000f8400000,0x00000000f9100000)
 ParOldGen       total 349696K, used 349690K [0x00000000e0000000, 0x00000000f5580000, 0x00000000f5580000)
  object space 349696K, 99% used [0x00000000e0000000,0x00000000f557e938,0x00000000f5580000)
 Metaspace       used 59724K, committed 60608K, reserved 1105920K
  class space    used 5225K, committed 5632K, reserved 1048576K
}
Event: 5297.129 GC heap after
{Heap after GC invocations=3097 (full 2948):
 PSYoungGen      total 60928K, used 47615K [0x00000000f5580000, 0x00000000f9f00000, 0x0000000100000000)
  eden space 47616K, 99% used [0x00000000f5580000,0x00000000f83ffe88,0x00000000f8400000)
  from space 13312K, 0% used [0x00000000f8400000,0x00000000f8400000,0x00000000f9100000)
  to   space 13312K, 0% used [0x00000000f9180000,0x00000000f9180000,0x00000000f9e80000)
 ParOldGen       total 349696K, used 349690K [0x00000000e0000000, 0x00000000f5580000, 0x00000000f5580000)
  object space 349696K, 99% used [0x00000000e0000000,0x00000000f557e938,0x00000000f5580000)
 Metaspace       used 59724K, committed 60608K, reserved 1105920K
  class space    used 5225K, committed 5632K, reserved 1048576K
}
Event: 5297.130 GC heap before
{Heap before GC invocations=3098 (full 2949):
 PSYoungGen      total 60928K, used 47615K [0x00000000f5580000, 0x00000000f9f00000, 0x0000000100000000)
  eden space 47616K, 99% used [0x00000000f5580000,0x00000000f83ffff8,0x00000000f8400000)
  from space 13312K, 0% used [0x00000000f8400000,0x00000000f8400000,0x00000000f9100000)
  to   space 13312K, 0% used [0x00000000f9180000,0x00000000f9180000,0x00000000f9e80000)
 ParOldGen       total 349696K, used 349690K [0x00000000e0000000, 0x00000000f5580000, 0x00000000f5580000)
  object space 349696K, 99% used [0x00000000e0000000,0x00000000f557e938,0x00000000f5580000)
 Metaspace       used 59724K, committed 60608K, reserved 1105920K
  class space    used 5225K, committed 5632K, reserved 1048576K
}
Event: 5298.851 GC heap after
{Heap after GC invocations=3098 (full 2949):
 PSYoungGen      total 60928K, used 47615K [0x00000000f5580000, 0x00000000f9f00000, 0x0000000100000000)
  eden space 47616K, 99% used [0x00000000f5580000,0x00000000f83fffb0,0x00000000f8400000)
  from space 13312K, 0% used [0x00000000f9180000,0x00000000f9180000,0x00000000f9e80000)
  to   space 13312K, 0% used [0x00000000f8400000,0x00000000f8400000,0x00000000f9100000)
 ParOldGen       total 349696K, used 349690K [0x00000000e0000000, 0x00000000f5580000, 0x00000000f5580000)
  object space 349696K, 99% used [0x00000000e0000000,0x00000000f557e938,0x00000000f5580000)
 Metaspace       used 59724K, committed 60608K, reserved 1105920K
  class space    used 5225K, committed 5632K, reserved 1048576K
}
Event: 5298.852 GC heap before
{Heap before GC invocations=3099 (full 2950):
 PSYoungGen      total 60928K, used 47615K [0x00000000f5580000, 0x00000000f9f00000, 0x0000000100000000)
  eden space 47616K, 99% used [0x00000000f5580000,0x00000000f83ffff8,0x00000000f8400000)
  from space 13312K, 0% used [0x00000000f9180000,0x00000000f9180000,0x00000000f9e80000)
  to   space 13312K, 0% used [0x00000000f8400000,0x00000000f8400000,0x00000000f9100000)
 ParOldGen       total 349696K, used 349690K [0x00000000e0000000, 0x00000000f5580000, 0x00000000f5580000)
  object space 349696K, 99% used [0x00000000e0000000,0x00000000f557e938,0x00000000f5580000)
 Metaspace       used 59724K, committed 60608K, reserved 1105920K
  class space    used 5225K, committed 5632K, reserved 1048576K
}
Event: 5300.630 GC heap after
{Heap after GC invocations=3099 (full 2950):
 PSYoungGen      total 60928K, used 47615K [0x00000000f5580000, 0x00000000f9f00000, 0x0000000100000000)
  eden space 47616K, 99% used [0x00000000f5580000,0x00000000f83ffff8,0x00000000f8400000)
  from space 13312K, 0% used [0x00000000f8400000,0x00000000f8400000,0x00000000f9100000)
  to   space 13312K, 0% used [0x00000000f9180000,0x00000000f9180000,0x00000000f9e80000)
 ParOldGen       total 349696K, used 349690K [0x00000000e0000000, 0x00000000f5580000, 0x00000000f5580000)
  object space 349696K, 99% used [0x00000000e0000000,0x00000000f557e938,0x00000000f5580000)
 Metaspace       used 59724K, committed 60608K, reserved 1105920K
  class space    used 5225K, committed 5632K, reserved 1048576K
}
Event: 5300.633 GC heap before
{Heap before GC invocations=3100 (full 2951):
 PSYoungGen      total 60928K, used 47615K [0x00000000f5580000, 0x00000000f9f00000, 0x0000000100000000)
  eden space 47616K, 99% used [0x00000000f5580000,0x00000000f83ffff8,0x00000000f8400000)
  from space 13312K, 0% used [0x00000000f8400000,0x00000000f8400000,0x00000000f9100000)
  to   space 13312K, 0% used [0x00000000f9180000,0x00000000f9180000,0x00000000f9e80000)
 ParOldGen       total 349696K, used 349692K [0x00000000e0000000, 0x00000000f5580000, 0x00000000f5580000)
  object space 349696K, 99% used [0x00000000e0000000,0x00000000f557f2e0,0x00000000f5580000)
 Metaspace       used 59724K, committed 60608K, reserved 1105920K
  class space    used 5225K, committed 5632K, reserved 1048576K
}
Event: 5302.455 GC heap after
{Heap after GC invocations=3100 (full 2951):
 PSYoungGen      total 60928K, used 47615K [0x00000000f5580000, 0x00000000f9f00000, 0x0000000100000000)
  eden space 47616K, 99% used [0x00000000f5580000,0x00000000f83ffdf0,0x00000000f8400000)
  from space 13312K, 0% used [0x00000000f9180000,0x00000000f9180000,0x00000000f9e80000)
  to   space 13312K, 0% used [0x00000000f8400000,0x00000000f8400000,0x00000000f9100000)
 ParOldGen       total 349696K, used 349692K [0x00000000e0000000, 0x00000000f5580000, 0x00000000f5580000)
  object space 349696K, 99% used [0x00000000e0000000,0x00000000f557f2e0,0x00000000f5580000)
 Metaspace       used 59724K, committed 60608K, reserved 1105920K
  class space    used 5225K, committed 5632K, reserved 1048576K
}
Event: 5302.457 GC heap before
{Heap before GC invocations=3101 (full 2952):
 PSYoungGen      total 60928K, used 47615K [0x00000000f5580000, 0x00000000f9f00000, 0x0000000100000000)
  eden space 47616K, 99% used [0x00000000f5580000,0x00000000f83fffd8,0x00000000f8400000)
  from space 13312K, 0% used [0x00000000f9180000,0x00000000f9180000,0x00000000f9e80000)
  to   space 13312K, 0% used [0x00000000f8400000,0x00000000f8400000,0x00000000f9100000)
 ParOldGen       total 349696K, used 349692K [0x00000000e0000000, 0x00000000f5580000, 0x00000000f5580000)
  object space 349696K, 99% used [0x00000000e0000000,0x00000000f557f2e0,0x00000000f5580000)
 Metaspace       used 59724K, committed 60608K, reserved 1105920K
  class space    used 5225K, committed 5632K, reserved 1048576K
}
Event: 5304.181 GC heap after
{Heap after GC invocations=3101 (full 2952):
 PSYoungGen      total 60928K, used 47615K [0x00000000f5580000, 0x00000000f9f00000, 0x0000000100000000)
  eden space 47616K, 99% used [0x00000000f5580000,0x00000000f83fff70,0x00000000f8400000)
  from space 13312K, 0% used [0x00000000f8400000,0x00000000f8400000,0x00000000f9100000)
  to   space 13312K, 0% used [0x00000000f9180000,0x00000000f9180000,0x00000000f9e80000)
 ParOldGen       total 349696K, used 349692K [0x00000000e0000000, 0x00000000f5580000, 0x00000000f5580000)
  object space 349696K, 99% used [0x00000000e0000000,0x00000000f557f2e0,0x00000000f5580000)
 Metaspace       used 59724K, committed 60608K, reserved 1105920K
  class space    used 5225K, committed 5632K, reserved 1048576K
}
Event: 5304.182 GC heap before
{Heap before GC invocations=3102 (full 2953):
 PSYoungGen      total 60928K, used 47615K [0x00000000f5580000, 0x00000000f9f00000, 0x0000000100000000)
  eden space 47616K, 99% used [0x00000000f5580000,0x00000000f83ffff8,0x00000000f8400000)
  from space 13312K, 0% used [0x00000000f8400000,0x00000000f8400000,0x00000000f9100000)
  to   space 13312K, 0% used [0x00000000f9180000,0x00000000f9180000,0x00000000f9e80000)
 ParOldGen       total 349696K, used 349694K [0x00000000e0000000, 0x00000000f5580000, 0x00000000f5580000)
  object space 349696K, 99% used [0x00000000e0000000,0x00000000f557fa68,0x00000000f5580000)
 Metaspace       used 59724K, committed 60608K, reserved 1105920K
  class space    used 5225K, committed 5632K, reserved 1048576K
}
Event: 5306.045 GC heap after
{Heap after GC invocations=3102 (full 2953):
 PSYoungGen      total 60928K, used 47615K [0x00000000f5580000, 0x00000000f9f00000, 0x0000000100000000)
  eden space 47616K, 99% used [0x00000000f5580000,0x00000000f83fff90,0x00000000f8400000)
  from space 13312K, 0% used [0x00000000f9180000,0x00000000f9180000,0x00000000f9e80000)
  to   space 13312K, 0% used [0x00000000f8400000,0x00000000f8400000,0x00000000f9100000)
 ParOldGen       total 349696K, used 349693K [0x00000000e0000000, 0x00000000f5580000, 0x00000000f5580000)
  object space 349696K, 99% used [0x00000000e0000000,0x00000000f557f610,0x00000000f5580000)
 Metaspace       used 59724K, committed 60608K, reserved 1105920K
  class space    used 5225K, committed 5632K, reserved 1048576K
}
Event: 5306.045 GC heap before
{Heap before GC invocations=3103 (full 2954):
 PSYoungGen      total 60928K, used 47615K [0x00000000f5580000, 0x00000000f9f00000, 0x0000000100000000)
  eden space 47616K, 99% used [0x00000000f5580000,0x00000000f83fff90,0x00000000f8400000)
  from space 13312K, 0% used [0x00000000f9180000,0x00000000f9180000,0x00000000f9e80000)
  to   space 13312K, 0% used [0x00000000f8400000,0x00000000f8400000,0x00000000f9100000)
 ParOldGen       total 349696K, used 349693K [0x00000000e0000000, 0x00000000f5580000, 0x00000000f5580000)
  object space 349696K, 99% used [0x00000000e0000000,0x00000000f557f610,0x00000000f5580000)
 Metaspace       used 59724K, committed 60608K, reserved 1105920K
  class space    used 5225K, committed 5632K, reserved 1048576K
}
Event: 5307.875 GC heap after
{Heap after GC invocations=3103 (full 2954):
 PSYoungGen      total 60928K, used 47615K [0x00000000f5580000, 0x00000000f9f00000, 0x0000000100000000)
  eden space 47616K, 99% used [0x00000000f5580000,0x00000000f83fff90,0x00000000f8400000)
  from space 13312K, 0% used [0x00000000f8400000,0x00000000f8400000,0x00000000f9100000)
  to   space 13312K, 0% used [0x00000000f9180000,0x00000000f9180000,0x00000000f9e80000)
 ParOldGen       total 349696K, used 349693K [0x00000000e0000000, 0x00000000f5580000, 0x00000000f5580000)
  object space 349696K, 99% used [0x00000000e0000000,0x00000000f557f610,0x00000000f5580000)
 Metaspace       used 59724K, committed 60608K, reserved 1105920K
  class space    used 5225K, committed 5632K, reserved 1048576K
}

