# JRE version: OpenJDK Runtime Environment GraalVM CE 22.3.0 (17.0.5+8) (build 17.0.5+8-jvmci-22.3-b08)
# Java VM: OpenJDK 64-Bit Server VM GraalVM CE 22.3.0 (17.0.5+8-jvmci-22.3-b08, mixed mode, sharing, tiered, jvmci, jvmci compiler, compressed oops, compressed class ptrs, parallel gc, linux-amd64)
GC Precious Log:
 CPUs: 8 total, 1 available
 Memory: 1024M
 Large Page Support: Disabled
 NUMA Support: Disabled
 Compressed Oops: Enabled (32-bit)
 Alignments: Space 512K, Generation 512K, Heap 2M
 Heap Min Capacity: 100M
 Heap Initial Capacity: 100M
 Heap Max Capacity: 512M
 Pre-touch: Disabled
 Parallel Workers: 1
Heap:
 PSYoungGen      total 11776K, used 8191K [0x00000000f5580000, 0x00000000f6500000, 0x0000000100000000)
  eden space 8192K, 99% used [0x00000000f5580000,0x00000000f5d7fff8,0x00000000f5d80000)
  from space 3584K, 0% used [0x00000000f6100000,0x00000000f6100000,0x00000000f6480000)
  to   space 3584K, 0% used [0x00000000f5d80000,0x00000000f5d80000,0x00000000f6100000)
 ParOldGen       total 349696K, used 349695K [0x00000000e0000000, 0x00000000f5580000, 0x00000000f5580000)
  object space 349696K, 99% used [0x00000000e0000000,0x00000000f557ffe8,0x00000000f5580000)
 Metaspace       used 61688K, committed 62528K, reserved 1105920K
  class space    used 5699K, committed 6080K, reserved 1048576K
GC Heap History (20 events):
Event: 273.416 GC heap before
{Heap before GC invocations=384 (full 169):
 PSYoungGen      total 11776K, used 8191K [0x00000000f5580000, 0x00000000f6500000, 0x0000000100000000)
  eden space 8192K, 99% used [0x00000000f5580000,0x00000000f5d7fff8,0x00000000f5d80000)
  from space 3584K, 0% used [0x00000000f6100000,0x00000000f6100000,0x00000000f6480000)
  to   space 3584K, 0% used [0x00000000f5d80000,0x00000000f5d80000,0x00000000f6100000)
 ParOldGen       total 349696K, used 349695K [0x00000000e0000000, 0x00000000f5580000, 0x00000000f5580000)
  object space 349696K, 99% used [0x00000000e0000000,0x00000000f557ffc0,0x00000000f5580000)
 Metaspace       used 61664K, committed 62528K, reserved 1105920K
  class space    used 5699K, committed 6080K, reserved 1048576K
}
Event: 274.732 GC heap after
{Heap after GC invocations=384 (full 169):
 PSYoungGen      total 11776K, used 8191K [0x00000000f5580000, 0x00000000f6500000, 0x0000000100000000)
  eden space 8192K, 99% used [0x00000000f5580000,0x00000000f5d7fff8,0x00000000f5d80000)
  from space 3584K, 0% used [0x00000000f5d80000,0x00000000f5d80000,0x00000000f6100000)
  to   space 3584K, 0% used [0x00000000f6100000,0x00000000f6100000,0x00000000f6480000)
 ParOldGen       total 349696K, used 349695K [0x00000000e0000000, 0x00000000f5580000, 0x00000000f5580000)
  object space 349696K, 99% used [0x00000000e0000000,0x00000000f557ffc0,0x00000000f5580000)
 Metaspace       used 61664K, committed 62528K, reserved 1105920K
  class space    used 5699K, committed 6080K, reserved 1048576K
}
Event: 274.737 GC heap before
{Heap before GC invocations=385 (full 170):
 PSYoungGen      total 11776K, used 8191K [0x00000000f5580000, 0x00000000f6500000, 0x0000000100000000)
  eden space 8192K, 99% used [0x00000000f5580000,0x00000000f5d7fff8,0x00000000f5d80000)
  from space 3584K, 0% used [0x00000000f5d80000,0x00000000f5d80000,0x00000000f6100000)
  to   space 3584K, 0% used [0x00000000f6100000,0x00000000f6100000,0x00000000f6480000)
 ParOldGen       total 349696K, used 349695K [0x00000000e0000000, 0x00000000f5580000, 0x00000000f5580000)
  object space 349696K, 99% used [0x00000000e0000000,0x00000000f557ffc0,0x00000000f5580000)
 Metaspace       used 61664K, committed 62528K, reserved 1105920K
  class space    used 5699K, committed 6080K, reserved 1048576K
}
Event: 276.115 GC heap after
{Heap after GC invocations=385 (full 170):
 PSYoungGen      total 11776K, used 8191K [0x00000000f5580000, 0x00000000f6500000, 0x0000000100000000)
  eden space 8192K, 99% used [0x00000000f5580000,0x00000000f5d7fff8,0x00000000f5d80000)
  from space 3584K, 0% used [0x00000000f6100000,0x00000000f6100000,0x00000000f6480000)
  to   space 3584K, 0% used [0x00000000f5d80000,0x00000000f5d80000,0x00000000f6100000)
 ParOldGen       total 349696K, used 349695K [0x00000000e0000000, 0x00000000f5580000, 0x00000000f5580000)
  object space 349696K, 99% used [0x00000000e0000000,0x00000000f557ffc0,0x00000000f5580000)
 Metaspace       used 61664K, committed 62528K, reserved 1105920K
  class space    used 5699K, committed 6080K, reserved 1048576K
}
Event: 276.115 GC heap before
{Heap before GC invocations=386 (full 171):
 PSYoungGen      total 11776K, used 8191K [0x00000000f5580000, 0x00000000f6500000, 0x0000000100000000)
  eden space 8192K, 99% used [0x00000000f5580000,0x00000000f5d7fff8,0x00000000f5d80000)
  from space 3584K, 0% used [0x00000000f6100000,0x00000000f6100000,0x00000000f6480000)
  to   space 3584K, 0% used [0x00000000f5d80000,0x00000000f5d80000,0x00000000f6100000)
 ParOldGen       total 349696K, used 349695K [0x00000000e0000000, 0x00000000f5580000, 0x00000000f5580000)
  object space 349696K, 99% used [0x00000000e0000000,0x00000000f557ffc0,0x00000000f5580000)
 Metaspace       used 61664K, committed 62528K, reserved 1105920K
  class space    used 5699K, committed 6080K, reserved 1048576K
}
Event: 277.437 GC heap after
{Heap after GC invocations=386 (full 171):
 PSYoungGen      total 11776K, used 8191K [0x00000000f5580000, 0x00000000f6500000, 0x0000000100000000)
  eden space 8192K, 99% used [0x00000000f5580000,0x00000000f5d7fff8,0x00000000f5d80000)
  from space 3584K, 0% used [0x00000000f5d80000,0x00000000f5d80000,0x00000000f6100000)
  to   space 3584K, 0% used [0x00000000f6100000,0x00000000f6100000,0x00000000f6480000)
 ParOldGen       total 349696K, used 349695K [0x00000000e0000000, 0x00000000f5580000, 0x00000000f5580000)
  object space 349696K, 99% used [0x00000000e0000000,0x00000000f557ffc0,0x00000000f5580000)
 Metaspace       used 61664K, committed 62528K, reserved 1105920K
  class space    used 5699K, committed 6080K, reserved 1048576K
}
Event: 277.444 GC heap before
{Heap before GC invocations=387 (full 172):
 PSYoungGen      total 11776K, used 8191K [0x00000000f5580000, 0x00000000f6500000, 0x0000000100000000)
  eden space 8192K, 99% used [0x00000000f5580000,0x00000000f5d7fff8,0x00000000f5d80000)
  from space 3584K, 0% used [0x00000000f5d80000,0x00000000f5d80000,0x00000000f6100000)
  to   space 3584K, 0% used [0x00000000f6100000,0x00000000f6100000,0x00000000f6480000)
 ParOldGen       total 349696K, used 349695K [0x00000000e0000000, 0x00000000f5580000, 0x00000000f5580000)
  object space 349696K, 99% used [0x00000000e0000000,0x00000000f557ffd8,0x00000000f5580000)
 Metaspace       used 61664K, committed 62528K, reserved 1105920K
  class space    used 5699K, committed 6080K, reserved 1048576K
}
Event: 278.877 GC heap after
{Heap after GC invocations=387 (full 172):
 PSYoungGen      total 11776K, used 8191K [0x00000000f5580000, 0x00000000f6500000, 0x0000000100000000)
  eden space 8192K, 99% used [0x00000000f5580000,0x00000000f5d7fff8,0x00000000f5d80000)
  from space 3584K, 0% used [0x00000000f6100000,0x00000000f6100000,0x00000000f6480000)
  to   space 3584K, 0% used [0x00000000f5d80000,0x00000000f5d80000,0x00000000f6100000)
 ParOldGen       total 349696K, used 349695K [0x00000000e0000000, 0x00000000f5580000, 0x00000000f5580000)
  object space 349696K, 99% used [0x00000000e0000000,0x00000000f557ffb8,0x00000000f5580000)
 Metaspace       used 61664K, committed 62528K, reserved 1105920K
  class space    used 5699K, committed 6080K, reserved 1048576K
}
Event: 278.878 GC heap before
{Heap before GC invocations=388 (full 173):
 PSYoungGen      total 11776K, used 8191K [0x00000000f5580000, 0x00000000f6500000, 0x0000000100000000)
  eden space 8192K, 99% used [0x00000000f5580000,0x00000000f5d7fff8,0x00000000f5d80000)
  from space 3584K, 0% used [0x00000000f6100000,0x00000000f6100000,0x00000000f6480000)
  to   space 3584K, 0% used [0x00000000f5d80000,0x00000000f5d80000,0x00000000f6100000)
 ParOldGen       total 349696K, used 349695K [0x00000000e0000000, 0x00000000f5580000, 0x00000000f5580000)
  object space 349696K, 99% used [0x00000000e0000000,0x00000000f557fff8,0x00000000f5580000)
 Metaspace       used 61664K, committed 62528K, reserved 1105920K
  class space    used 5699K, committed 6080K, reserved 1048576K
}
Event: 280.141 GC heap after
{Heap after GC invocations=388 (full 173):
 PSYoungGen      total 11776K, used 8191K [0x00000000f5580000, 0x00000000f6500000, 0x0000000100000000)
  eden space 8192K, 99% used [0x00000000f5580000,0x00000000f5d7fff8,0x00000000f5d80000)
  from space 3584K, 0% used [0x00000000f5d80000,0x00000000f5d80000,0x00000000f6100000)
  to   space 3584K, 0% used [0x00000000f6100000,0x00000000f6100000,0x00000000f6480000)
 ParOldGen       total 349696K, used 349695K [0x00000000e0000000, 0x00000000f5580000, 0x00000000f5580000)
  object space 349696K, 99% used [0x00000000e0000000,0x00000000f557fff8,0x00000000f5580000)
 Metaspace       used 61664K, committed 62528K, reserved 1105920K
  class space    used 5699K, committed 6080K, reserved 1048576K
}
Event: 280.141 GC heap before
{Heap before GC invocations=389 (full 174):
 PSYoungGen      total 11776K, used 8191K [0x00000000f5580000, 0x00000000f6500000, 0x0000000100000000)
  eden space 8192K, 99% used [0x00000000f5580000,0x00000000f5d7fff8,0x00000000f5d80000)
  from space 3584K, 0% used [0x00000000f5d80000,0x00000000f5d80000,0x00000000f6100000)
  to   space 3584K, 0% used [0x00000000f6100000,0x00000000f6100000,0x00000000f6480000)
 ParOldGen       total 349696K, used 349695K [0x00000000e0000000, 0x00000000f5580000, 0x00000000f5580000)
  object space 349696K, 99% used [0x00000000e0000000,0x00000000f557fff8,0x00000000f5580000)
 Metaspace       used 61664K, committed 62528K, reserved 1105920K
  class space    used 5699K, committed 6080K, reserved 1048576K
}
Event: 281.429 GC heap after
{Heap after GC invocations=389 (full 174):
 PSYoungGen      total 11776K, used 8191K [0x00000000f5580000, 0x00000000f6500000, 0x0000000100000000)
  eden space 8192K, 99% used [0x00000000f5580000,0x00000000f5d7fff8,0x00000000f5d80000)
  from space 3584K, 0% used [0x00000000f6100000,0x00000000f6100000,0x00000000f6480000)
  to   space 3584K, 0% used [0x00000000f5d80000,0x00000000f5d80000,0x00000000f6100000)
 ParOldGen       total 349696K, used 349695K [0x00000000e0000000, 0x00000000f5580000, 0x00000000f5580000)
  object space 349696K, 99% used [0x00000000e0000000,0x00000000f557fff8,0x00000000f5580000)
 Metaspace       used 61664K, committed 62528K, reserved 1105920K
  class space    used 5699K, committed 6080K, reserved 1048576K
}
Event: 281.431 GC heap before
{Heap before GC invocations=390 (full 175):
 PSYoungGen      total 11776K, used 8191K [0x00000000f5580000, 0x00000000f6500000, 0x0000000100000000)
  eden space 8192K, 99% used [0x00000000f5580000,0x00000000f5d7fff8,0x00000000f5d80000)
  from space 3584K, 0% used [0x00000000f6100000,0x00000000f6100000,0x00000000f6480000)
  to   space 3584K, 0% used [0x00000000f5d80000,0x00000000f5d80000,0x00000000f6100000)
 ParOldGen       total 349696K, used 349695K [0x00000000e0000000, 0x00000000f5580000, 0x00000000f5580000)
  object space 349696K, 99% used [0x00000000e0000000,0x00000000f557fff8,0x00000000f5580000)
 Metaspace       used 61664K, committed 62528K, reserved 1105920K
  class space    used 5699K, committed 6080K, reserved 1048576K
}
Event: 282.760 GC heap after
{Heap after GC invocations=390 (full 175):
 PSYoungGen      total 11776K, used 8191K [0x00000000f5580000, 0x00000000f6500000, 0x0000000100000000)
  eden space 8192K, 99% used [0x00000000f5580000,0x00000000f5d7fff8,0x00000000f5d80000)
  from space 3584K, 0% used [0x00000000f5d80000,0x00000000f5d80000,0x00000000f6100000)
  to   space 3584K, 0% used [0x00000000f6100000,0x00000000f6100000,0x00000000f6480000)
 ParOldGen       total 349696K, used 349695K [0x00000000e0000000, 0x00000000f5580000, 0x00000000f5580000)
  object space 349696K, 99% used [0x00000000e0000000,0x00000000f557ff08,0x00000000f5580000)
 Metaspace       used 61664K, committed 62528K, reserved 1105920K
  class space    used 5699K, committed 6080K, reserved 1048576K
}
Event: 282.761 GC heap before
{Heap before GC invocations=391 (full 176):
 PSYoungGen      total 11776K, used 8191K [0x00000000f5580000, 0x00000000f6500000, 0x0000000100000000)
  eden space 8192K, 99% used [0x00000000f5580000,0x00000000f5d7fff8,0x00000000f5d80000)
  from space 3584K, 0% used [0x00000000f5d80000,0x00000000f5d80000,0x00000000f6100000)
  to   space 3584K, 0% used [0x00000000f6100000,0x00000000f6100000,0x00000000f6480000)
 ParOldGen       total 349696K, used 349695K [0x00000000e0000000, 0x00000000f5580000, 0x00000000f5580000)
  object space 349696K, 99% used [0x00000000e0000000,0x00000000f557fff0,0x00000000f5580000)
 Metaspace       used 61664K, committed 62528K, reserved 1105920K
  class space    used 5699K, committed 6080K, reserved 1048576K
}
Event: 284.148 GC heap after
{Heap after GC invocations=391 (full 176):
 PSYoungGen      total 11776K, used 8191K [0x00000000f5580000, 0x00000000f6500000, 0x0000000100000000)
  eden space 8192K, 99% used [0x00000000f5580000,0x00000000f5d7fff8,0x00000000f5d80000)
  from space 3584K, 0% used [0x00000000f6100000,0x00000000f6100000,0x00000000f6480000)
  to   space 3584K, 0% used [0x00000000f5d80000,0x00000000f5d80000,0x00000000f6100000)
 ParOldGen       total 349696K, used 349695K [0x00000000e0000000, 0x00000000f5580000, 0x00000000f5580000)
  object space 349696K, 99% used [0x00000000e0000000,0x00000000f557fea0,0x00000000f5580000)
 Metaspace       used 61664K, committed 62528K, reserved 1105920K
  class space    used 5699K, committed 6080K, reserved 1048576K
}
Event: 284.149 GC heap before
{Heap before GC invocations=392 (full 177):
 PSYoungGen      total 11776K, used 8191K [0x00000000f5580000, 0x00000000f6500000, 0x0000000100000000)
  eden space 8192K, 99% used [0x00000000f5580000,0x00000000f5d7fff8,0x00000000f5d80000)
  from space 3584K, 0% used [0x00000000f6100000,0x00000000f6100000,0x00000000f6480000)
  to   space 3584K, 0% used [0x00000000f5d80000,0x00000000f5d80000,0x00000000f6100000)
 ParOldGen       total 349696K, used 349695K [0x00000000e0000000, 0x00000000f5580000, 0x00000000f5580000)
  object space 349696K, 99% used [0x00000000e0000000,0x00000000f557ffb8,0x00000000f5580000)
 Metaspace       used 61688K, committed 62528K, reserved 1105920K
  class space    used 5699K, committed 6080K, reserved 1048576K
}
Event: 285.411 GC heap after
{Heap after GC invocations=392 (full 177):
 PSYoungGen      total 11776K, used 8191K [0x00000000f5580000, 0x00000000f6500000, 0x0000000100000000)
  eden space 8192K, 99% used [0x00000000f5580000,0x00000000f5d7fff8,0x00000000f5d80000)
  from space 3584K, 0% used [0x00000000f5d80000,0x00000000f5d80000,0x00000000f6100000)
  to   space 3584K, 0% used [0x00000000f6100000,0x00000000f6100000,0x00000000f6480000)
 ParOldGen       total 349696K, used 349695K [0x00000000e0000000, 0x00000000f5580000, 0x00000000f5580000)
  object space 349696K, 99% used [0x00000000e0000000,0x00000000f557ffb8,0x00000000f5580000)
 Metaspace       used 61688K, committed 62528K, reserved 1105920K
  class space    used 5699K, committed 6080K, reserved 1048576K
}
Event: 285.411 GC heap before
{Heap before GC invocations=393 (full 178):
 PSYoungGen      total 11776K, used 8191K [0x00000000f5580000, 0x00000000f6500000, 0x0000000100000000)
  eden space 8192K, 99% used [0x00000000f5580000,0x00000000f5d7fff8,0x00000000f5d80000)
  from space 3584K, 0% used [0x00000000f5d80000,0x00000000f5d80000,0x00000000f6100000)
  to   space 3584K, 0% used [0x00000000f6100000,0x00000000f6100000,0x00000000f6480000)
 ParOldGen       total 349696K, used 349695K [0x00000000e0000000, 0x00000000f5580000, 0x00000000f5580000)
  object space 349696K, 99% used [0x00000000e0000000,0x00000000f557ffb8,0x00000000f5580000)
 Metaspace       used 61688K, committed 62528K, reserved 1105920K
  class space    used 5699K, committed 6080K, reserved 1048576K
}
Event: 286.630 GC heap after
{Heap after GC invocations=393 (full 178):
 PSYoungGen      total 11776K, used 8191K [0x00000000f5580000, 0x00000000f6500000, 0x0000000100000000)
  eden space 8192K, 99% used [0x00000000f5580000,0x00000000f5d7fff8,0x00000000f5d80000)
  from space 3584K, 0% used [0x00000000f6100000,0x00000000f6100000,0x00000000f6480000)
  to   space 3584K, 0% used [0x00000000f5d80000,0x00000000f5d80000,0x00000000f6100000)
 ParOldGen       total 349696K, used 349695K [0x00000000e0000000, 0x00000000f5580000, 0x00000000f5580000)
  object space 349696K, 99% used [0x00000000e0000000,0x00000000f557ffb8,0x00000000f5580000)
 Metaspace       used 61688K, committed 62528K, reserved 1105920K
  class space    used 5699K, committed 6080K, reserved 1048576K
}

